#
# There is insufficient memory for the Java Runtime Environment to continue.
# Native memory allocation (malloc) failed to allocate 933776 bytes for Chunk::new
# Possible reasons:
#   The system is out of physical RAM or swap space
#   In 32 bit mode, the process size limit was hit
# Possible solutions:
#   Reduce memory load on the system
#   Increase physical memory or swap space
#   Check if swap backing store is full
#   Use 64 bit Java on a 64 bit OS
#   Decrease Java heap size (-Xmx/-Xms)
#   Decrease number of Java threads
#   Decrease Java thread stack sizes (-Xss)
#   Set larger code cache with -XX:ReservedCodeCacheSize=
# This output file may be truncated or incomplete.
#
#  Out of Memory Error (allocation.cpp:390), pid=11364, tid=0x0000000000000aa4
#
# JRE version: Java(TM) SE Runtime Environment (8.0_151-b12) (build 1.8.0_151-b12)
# Java VM: Java HotSpot(TM) 64-Bit Server VM (25.151-b12 mixed mode windows-amd64 compressed oops)
# Failed to write core dump. Minidumps are not enabled by default on client versions of Windows
#

---------------  T H R E A D  ---------------

Current thread (0x00000000198bd000):  JavaThread "C2 CompilerThread0" daemon [_thread_in_native, id=2724, stack(0x000000001b030000,0x000000001b130000)]

Stack: [0x000000001b030000,0x000000001b130000]
[error occurred during error reporting (printing stack bounds), id 0xc0000005]

Native frames: (J=compiled Java code, j=interpreted, Vv=VM code, C=native code)


Current CompileTask:
C2:   2801  564   !   4       com.sun.tools.javac.parser.JavaTokenizer::readToken (2243 bytes)


---------------  P R O C E S S  ---------------

Java Threads: ( => current thread )
  0x000000001b13a000 JavaThread "Service Thread" daemon [_thread_blocked, id=15116, stack(0x000000001b730000,0x000000001b830000)]
  0x000000001990e000 JavaThread "C1 CompilerThread2" daemon [_thread_in_native, id=5716, stack(0x000000001b630000,0x000000001b730000)]
  0x000000001990d000 JavaThread "C2 CompilerThread1" daemon [_thread_in_native, id=12040, stack(0x000000001b530000,0x000000001b630000)]
=>0x00000000198bd000 JavaThread "C2 CompilerThread0" daemon [_thread_in_native, id=2724, stack(0x000000001b030000,0x000000001b130000)]
  0x00000000198bb800 JavaThread "Attach Listener" daemon [_thread_blocked, id=3812, stack(0x000000001af30000,0x000000001b030000)]
  0x00000000198ba000 JavaThread "Signal Dispatcher" daemon [_thread_blocked, id=14796, stack(0x000000001ae30000,0x000000001af30000)]
  0x000000001989a800 JavaThread "Finalizer" daemon [_thread_blocked, id=14376, stack(0x000000001ab20000,0x000000001ac20000)]
  0x0000000004d12000 JavaThread "Reference Handler" daemon [_thread_blocked, id=11184, stack(0x000000001aa20000,0x000000001ab20000)]
  0x0000000004c23800 JavaThread "main" [_thread_in_Java, id=14632, stack(0x0000000004a40000,0x0000000004b40000)]

Other Threads:
  0x0000000019877800 VMThread [stack: 0x000000001a920000,0x000000001aa20000] [id=8056]
  0x000000001b13d800 WatcherThread [stack: 0x000000001b830000,0x000000001b930000] [id=7136]

VM state:not at safepoint (normal execution)

VM Mutex/Monitor currently owned by a thread: None

Heap:
 PSYoungGen      total 13824K, used 8355K [0x00000000d5b00000, 0x00000000d6e00000, 0x0000000100000000)
  eden space 9728K, 43% used [0x00000000d5b00000,0x00000000d5f2a668,0x00000000d6480000)
  from space 4096K, 99% used [0x00000000d6480000,0x00000000d687e5d8,0x00000000d6880000)
  to   space 2560K, 0% used [0x00000000d6880000,0x00000000d6880000,0x00000000d6b00000)
 ParOldGen       total 10240K, used 6310K [0x0000000081000000, 0x0000000081a00000, 0x00000000d5b00000)
  object space 10240K, 61% used [0x0000000081000000,0x0000000081629a70,0x0000000081a00000)
 Metaspace       used 7924K, capacity 8628K, committed 8960K, reserved 1056768K
  class space    used 921K, capacity 944K, committed 1024K, reserved 1048576K

Card table byte_map: [0x00000000140e0000,0x00000000144e0000] byte_map_base: 0x0000000013cd8000

Marking Bits: (ParMarkBitMap*) 0x000000007056d850
 Begin Bits: [0x0000000014b90000, 0x0000000016b50000)
 End Bits:   [0x0000000016b50000, 0x0000000018b10000)

Polling page: 0x0000000002db0000

CodeCache: size=245760Kb used=3807Kb max_used=3807Kb free=241952Kb
 bounds [0x0000000004d20000, 0x00000000050e0000, 0x0000000013d20000]
 total_blobs=1134 nmethods=847 adapters=200
 compilation: enabled

Compilation events (10 events):
Event: 2.791 Thread 0x000000001990e000 nmethod 871 0x00000000050d68d0 code [0x00000000050d6a20, 0x00000000050d6b30]
Event: 2.791 Thread 0x000000001990e000  870       2       com.sun.tools.javac.code.Type::unannotatedType (2 bytes)
Event: 2.791 Thread 0x000000001990e000 nmethod 870 0x00000000050d6b90 code [0x00000000050d6ce0, 0x00000000050d6e30]
Event: 2.792 Thread 0x000000001990e000  872       2       java.io.ExpiringCache::entryFor (57 bytes)
Event: 2.793 Thread 0x000000001990e000 nmethod 872 0x00000000050d6ed0 code [0x00000000050d7040, 0x00000000050d72b8]
Event: 2.795 Thread 0x000000001990e000  873       2       com.sun.tools.javac.tree.JCTree$Visitor::<init> (5 bytes)
Event: 2.795 Thread 0x000000001990e000 nmethod 873 0x00000000050d73d0 code [0x00000000050d7520, 0x00000000050d7670]
Event: 2.797 Thread 0x000000001990e000  874       2       com.sun.tools.javac.comp.Enter::enterScope (40 bytes)
Event: 2.797 Thread 0x000000001990e000 nmethod 874 0x00000000050d7710 code [0x00000000050d7880, 0x00000000050d7ac8]
Event: 2.797 Thread 0x000000001990e000  875       2       com.sun.tools.javac.comp.Check::checkFlags (799 bytes)

GC Heap History (10 events):
Event: 1.693 GC heap before
{Heap before GC invocations=6 (full 0):
 PSYoungGen      total 3584K, used 3552K [0x00000000d5b00000, 0x00000000d6300000, 0x0000000100000000)
  eden space 3072K, 100% used [0x00000000d5b00000,0x00000000d5e00000,0x00000000d5e00000)
  from space 512K, 93% used [0x00000000d5e00000,0x00000000d5e78010,0x00000000d5e80000)
  to   space 1024K, 0% used [0x00000000d6200000,0x00000000d6200000,0x00000000d6300000)
 ParOldGen       total 5632K, used 970K [0x0000000081000000, 0x0000000081580000, 0x00000000d5b00000)
  object space 5632K, 17% used [0x0000000081000000,0x00000000810f2910,0x0000000081580000)
 Metaspace       used 7369K, capacity 8180K, committed 8448K, reserved 1056768K
  class space    used 894K, capacity 944K, committed 1024K, reserved 1048576K
Event: 1.699 GC heap after
Heap after GC invocations=6 (full 0):
 PSYoungGen      total 6656K, used 1009K [0x00000000d5b00000, 0x00000000d6400000, 0x0000000100000000)
  eden space 5632K, 0% used [0x00000000d5b00000,0x00000000d5b00000,0x00000000d6080000)
  from space 1024K, 98% used [0x00000000d6200000,0x00000000d62fc5f8,0x00000000d6300000)
  to   space 1536K, 0% used [0x00000000d6080000,0x00000000d6080000,0x00000000d6200000)
 ParOldGen       total 5632K, used 1058K [0x0000000081000000, 0x0000000081580000, 0x00000000d5b00000)
  object space 5632K, 18% used [0x0000000081000000,0x0000000081108910,0x0000000081580000)
 Metaspace       used 7369K, capacity 8180K, committed 8448K, reserved 1056768K
  class space    used 894K, capacity 944K, committed 1024K, reserved 1048576K
}
Event: 2.250 GC heap before
{Heap before GC invocations=7 (full 0):
 PSYoungGen      total 6656K, used 6625K [0x00000000d5b00000, 0x00000000d6400000, 0x0000000100000000)
  eden space 5632K, 99% used [0x00000000d5b00000,0x00000000d607c160,0x00000000d6080000)
  from space 1024K, 98% used [0x00000000d6200000,0x00000000d62fc5f8,0x00000000d6300000)
  to   space 1536K, 0% used [0x00000000d6080000,0x00000000d6080000,0x00000000d6200000)
 ParOldGen       total 5632K, used 1058K [0x0000000081000000, 0x0000000081580000, 0x00000000d5b00000)
  object space 5632K, 18% used [0x0000000081000000,0x0000000081108910,0x0000000081580000)
 Metaspace       used 7504K, capacity 8308K, committed 8448K, reserved 1056768K
  class space    used 897K, capacity 944K, committed 1024K, reserved 1048576K
Event: 2.256 GC heap after
Heap after GC invocations=7 (full 0):
 PSYoungGen      total 7168K, used 1508K [0x00000000d5b00000, 0x00000000d6b00000, 0x0000000100000000)
  eden space 5632K, 0% used [0x00000000d5b00000,0x00000000d5b00000,0x00000000d6080000)
  from space 1536K, 98% used [0x00000000d6080000,0x00000000d61f9168,0x00000000d6200000)
  to   space 2560K, 0% used [0x00000000d6880000,0x00000000d6880000,0x00000000d6b00000)
 ParOldGen       total 5632K, used 2242K [0x0000000081000000, 0x0000000081580000, 0x00000000d5b00000)
  object space 5632K, 39% used [0x0000000081000000,0x0000000081230930,0x0000000081580000)
 Metaspace       used 7504K, capacity 8308K, committed 8448K, reserved 1056768K
  class space    used 897K, capacity 944K, committed 1024K, reserved 1048576K
}
Event: 2.366 GC heap before
{Heap before GC invocations=8 (full 0):
 PSYoungGen      total 7168K, used 7140K [0x00000000d5b00000, 0x00000000d6b00000, 0x0000000100000000)
  eden space 5632K, 100% used [0x00000000d5b00000,0x00000000d6080000,0x00000000d6080000)
  from space 1536K, 98% used [0x00000000d6080000,0x00000000d61f9168,0x00000000d6200000)
  to   space 2560K, 0% used [0x00000000d6880000,0x00000000d6880000,0x00000000d6b00000)
 ParOldGen       total 5632K, used 2242K [0x0000000081000000, 0x0000000081580000, 0x00000000d5b00000)
  object space 5632K, 39% used [0x0000000081000000,0x0000000081230930,0x0000000081580000)
 Metaspace       used 7627K, capacity 8372K, committed 8704K, reserved 1056768K
  class space    used 905K, capacity 944K, committed 1024K, reserved 1048576K
Event: 2.379 GC heap after
Heap after GC invocations=8 (full 0):
 PSYoungGen      total 12288K, used 2528K [0x00000000d5b00000, 0x00000000d6e00000, 0x0000000100000000)
  eden space 9728K, 0% used [0x00000000d5b00000,0x00000000d5b00000,0x00000000d6480000)
  from space 2560K, 98% used [0x00000000d6880000,0x00000000d6af8290,0x00000000d6b00000)
  to   space 4096K, 0% used [0x00000000d6480000,0x00000000d6480000,0x00000000d6880000)
 ParOldGen       total 5632K, used 5557K [0x0000000081000000, 0x0000000081580000, 0x00000000d5b00000)
  object space 5632K, 98% used [0x0000000081000000,0x000000008156d7d0,0x0000000081580000)
 Metaspace       used 7627K, capacity 8372K, committed 8704K, reserved 1056768K
  class space    used 905K, capacity 944K, committed 1024K, reserved 1048576K
}
Event: 2.379 GC heap before
{Heap before GC invocations=9 (full 1):
 PSYoungGen      total 12288K, used 2528K [0x00000000d5b00000, 0x00000000d6e00000, 0x0000000100000000)
  eden space 9728K, 0% used [0x00000000d5b00000,0x00000000d5b00000,0x00000000d6480000)
  from space 2560K, 98% used [0x00000000d6880000,0x00000000d6af8290,0x00000000d6b00000)
  to   space 4096K, 0% used [0x00000000d6480000,0x00000000d6480000,0x00000000d6880000)
 ParOldGen       total 5632K, used 5557K [0x0000000081000000, 0x0000000081580000, 0x00000000d5b00000)
  object space 5632K, 98% used [0x0000000081000000,0x000000008156d7d0,0x0000000081580000)
 Metaspace       used 7627K, capacity 8372K, committed 8704K, reserved 1056768K
  class space    used 905K, capacity 944K, committed 1024K, reserved 1048576K
Event: 2.455 GC heap after
Heap after GC invocations=9 (full 1):
 PSYoungGen      total 12288K, used 2503K [0x00000000d5b00000, 0x00000000d6e00000, 0x0000000100000000)
  eden space 9728K, 0% used [0x00000000d5b00000,0x00000000d5b00000,0x00000000d6480000)
  from space 2560K, 97% used [0x00000000d6880000,0x00000000d6af1e98,0x00000000d6b00000)
  to   space 4096K, 0% used [0x00000000d6480000,0x00000000d6480000,0x00000000d6880000)
 ParOldGen       total 10240K, used 5321K [0x0000000081000000, 0x0000000081a00000, 0x00000000d5b00000)
  object space 10240K, 51% used [0x0000000081000000,0x0000000081532488,0x0000000081a00000)
 Metaspace       used 7627K, capacity 8372K, committed 8704K, reserved 1056768K
  class space    used 905K, capacity 944K, committed 1024K, reserved 1048576K
}
Event: 2.693 GC heap before
{Heap before GC invocations=10 (full 1):
 PSYoungGen      total 12288K, used 12231K [0x00000000d5b00000, 0x00000000d6e00000, 0x0000000100000000)
  eden space 9728K, 100% used [0x00000000d5b00000,0x00000000d6480000,0x00000000d6480000)
  from space 2560K, 97% used [0x00000000d6880000,0x00000000d6af1e98,0x00000000d6b00000)
  to   space 4096K, 0% used [0x00000000d6480000,0x00000000d6480000,0x00000000d6880000)
 ParOldGen       total 10240K, used 5321K [0x0000000081000000, 0x0000000081a00000, 0x00000000d5b00000)
  object space 10240K, 51% used [0x0000000081000000,0x0000000081532488,0x0000000081a00000)
 Metaspace       used 7822K, capacity 8500K, committed 8704K, reserved 1056768K
  class space    used 918K, capacity 944K, committed 1024K, reserved 1048576K
Event: 2.705 GC heap after
Heap after GC invocations=10 (full 1):
 PSYoungGen      total 13824K, used 4089K [0x00000000d5b00000, 0x00000000d6e00000, 0x0000000100000000)
  eden space 9728K, 0% used [0x00000000d5b00000,0x00000000d5b00000,0x00000000d6480000)
  from space 4096K, 99% used [0x00000000d6480000,0x00000000d687e5d8,0x00000000d6880000)
  to   space 2560K, 0% used [0x00000000d6880000,0x00000000d6880000,0x00000000d6b00000)
 ParOldGen       total 10240K, used 6310K [0x0000000081000000, 0x0000000081a00000, 0x00000000d5b00000)
  object space 10240K, 61% used [0x0000000081000000,0x0000000081629a70,0x0000000081a00000)
 Metaspace       used 7822K, capacity 8500K, committed 8704K, reserved 1056768K
  class space    used 918K, capacity 944K, committed 1024K, reserved 1048576K
}

Deoptimization events (10 events):
Event: 1.515 Thread 0x0000000004c23800 Uncommon trap: reason=unstable_if action=reinterpret pc=0x0000000004ee11b8 method=java.lang.String.<init>([CII)V @ 18
Event: 1.515 Thread 0x0000000004c23800 Uncommon trap: reason=unstable_if action=reinterpret pc=0x0000000004e62034 method=java.lang.String.startsWith(Ljava/lang/String;I)Z @ 25
Event: 1.515 Thread 0x0000000004c23800 Uncommon trap: reason=unloaded action=reinterpret pc=0x0000000004ed4a78 method=sun.misc.URLClassPath$JarLoader.getResource(Ljava/lang/String;Z)Lsun/misc/Resource; @ 67
Event: 1.521 Thread 0x0000000004c23800 Uncommon trap: reason=class_check action=maybe_recompile pc=0x0000000004ed2fb4 method=sun.misc.URLClassPath.getLoader(I)Lsun/misc/URLClassPath$Loader; @ 94
Event: 1.658 Thread 0x0000000004c23800 Uncommon trap: reason=unstable_if action=reinterpret pc=0x0000000004f37794 method=com.sun.tools.javac.parser.UnicodeReader.scanChar()V @ 37
Event: 1.659 Thread 0x0000000004c23800 Uncommon trap: reason=unstable_if action=reinterpret pc=0x0000000004f29a08 method=com.sun.tools.javac.parser.UnicodeReader.scanChar()V @ 37
Event: 1.785 Thread 0x0000000004c23800 Uncommon trap: reason=unstable_if action=reinterpret pc=0x0000000004f6ec40 method=com.sun.tools.javac.util.Name$Table.equals([BI[BII)Z @ 22
Event: 1.807 Thread 0x0000000004c23800 Uncommon trap: reason=unstable_if action=reinterpret pc=0x0000000004f59ab4 method=com.sun.tools.javac.util.ArrayUtils.ensureCapacity([CI)[C @ 3
Event: 2.156 Thread 0x0000000004c23800 Uncommon trap: reason=unstable_if action=reinterpret pc=0x0000000004fea8ac method=com.sun.tools.javac.util.Position$LineMapImpl.build([CI)V @ 42
Event: 2.208 Thread 0x0000000004c23800 Uncommon trap: reason=unstable_if action=reinterpret pc=0x0000000004fd8a08 method=com.sun.tools.javac.parser.JavaTokenizer.readToken()Lcom/sun/tools/javac/parser/Tokens$Token; @ 961

Internal exceptions (10 events):
Event: 0.101 Thread 0x0000000004c23800 Exception <a 'java/lang/NoSuchMethodError': Method sun.misc.Unsafe.defineClass(Ljava/lang/String;[BII)Ljava/lang/Class; name or signature does not match> (0x00000000d5b07cd8) thrown at [C:\re\workspace\8-2-build-windows-amd64-cygwin\jdk8u151\9699\hotspot\
Event: 0.102 Thread 0x0000000004c23800 Exception <a 'java/lang/NoSuchMethodError': Method sun.misc.Unsafe.prefetchRead(Ljava/lang/Object;J)V name or signature does not match> (0x00000000d5b07fc0) thrown at [C:\re\workspace\8-2-build-windows-amd64-cygwin\jdk8u151\9699\hotspot\src\share\vm\prims
Event: 0.539 Thread 0x0000000004c23800 Exception <a 'java/security/PrivilegedActionException'> (0x00000000d5b025e8) thrown at [C:\re\workspace\8-2-build-windows-amd64-cygwin\jdk8u151\9699\hotspot\src\share\vm\prims\jvm.cpp, line 1390]
Event: 0.539 Thread 0x0000000004c23800 Exception <a 'java/security/PrivilegedActionException'> (0x00000000d5b029e0) thrown at [C:\re\workspace\8-2-build-windows-amd64-cygwin\jdk8u151\9699\hotspot\src\share\vm\prims\jvm.cpp, line 1390]
Event: 0.540 Thread 0x0000000004c23800 Exception <a 'java/security/PrivilegedActionException'> (0x00000000d5b06ad8) thrown at [C:\re\workspace\8-2-build-windows-amd64-cygwin\jdk8u151\9699\hotspot\src\share\vm\prims\jvm.cpp, line 1390]
Event: 0.540 Thread 0x0000000004c23800 Exception <a 'java/security/PrivilegedActionException'> (0x00000000d5b06ed0) thrown at [C:\re\workspace\8-2-build-windows-amd64-cygwin\jdk8u151\9699\hotspot\src\share\vm\prims\jvm.cpp, line 1390]
Event: 0.552 Thread 0x0000000004c23800 Exception <a 'java/security/PrivilegedActionException'> (0x00000000d5b3c430) thrown at [C:\re\workspace\8-2-build-windows-amd64-cygwin\jdk8u151\9699\hotspot\src\share\vm\prims\jvm.cpp, line 1390]
Event: 0.552 Thread 0x0000000004c23800 Exception <a 'java/security/PrivilegedActionException'> (0x00000000d5b3c828) thrown at [C:\re\workspace\8-2-build-windows-amd64-cygwin\jdk8u151\9699\hotspot\src\share\vm\prims\jvm.cpp, line 1390]
Event: 2.476 Thread 0x0000000004c23800 Exception <a 'java/io/FileNotFoundException'> (0x00000000d5b24df0) thrown at [C:\re\workspace\8-2-build-windows-amd64-cygwin\jdk8u151\9699\hotspot\src\share\vm\prims\jni.cpp, line 709]
Event: 2.481 Thread 0x0000000004c23800 Exception <a 'java/io/FileNotFoundException'> (0x00000000d5b68ed0) thrown at [C:\re\workspace\8-2-build-windows-amd64-cygwin\jdk8u151\9699\hotspot\src\share\vm\prims\jni.cpp, line 709]

Events (10 events):
Event: 2.734 loading class com/sun/tools/javac/comp/Check$CycleChecker
Event: 2.734 loading class com/sun/tools/javac/comp/Check$CycleChecker done
Event: 2.746 loading class com/sun/tools/javac/code/TypeAnnotations$1
Event: 2.746 loading class com/sun/tools/javac/code/TypeAnnotations$1 done
Event: 2.746 loading class com/sun/tools/javac/code/TypeAnnotations$2
Event: 2.746 loading class com/sun/tools/javac/code/TypeAnnotations$2 done
Event: 2.790 loading class com/sun/tools/javac/code/Symbol$VarSymbol$2
Event: 2.790 loading class com/sun/tools/javac/code/Symbol$VarSymbol$2 done
Event: 2.790 loading class java/util/concurrent/Callable
Event: 2.790 loading class java/util/concurrent/Callable done


Dynamic libraries:
0x00007ff689e90000 - 0x00007ff689e97000 	C:\Program Files\Java\jdk1.8.0_151\bin\javac.exe
0x00007ff9de090000 - 0x00007ff9de270000 	C:\WINDOWS\SYSTEM32\ntdll.dll
0x00007ff9dc450000 - 0x00007ff9dc4fe000 	C:\WINDOWS\System32\KERNEL32.DLL
0x00007ff9daad0000 - 0x00007ff9dad36000 	C:\WINDOWS\System32\KERNELBASE.dll
0x000000006f800000 - 0x000000006f82f000 	C:\Program Files\Java\jdk1.8.0_151\bin\jli.dll
0x000000006f830000 - 0x000000006f902000 	C:\Program Files\Java\jdk1.8.0_151\bin\MSVCR100.dll
0x00007ff9dbdf0000 - 0x00007ff9dbe91000 	C:\WINDOWS\System32\ADVAPI32.dll
0x00007ff9dbeb0000 - 0x00007ff9dbf4d000 	C:\WINDOWS\System32\msvcrt.dll
0x00007ff9dcb50000 - 0x00007ff9dcbab000 	C:\WINDOWS\System32\sechost.dll
0x00007ff9db9e0000 - 0x00007ff9dbaff000 	C:\WINDOWS\System32\RPCRT4.dll
0x00007ff9dc7a0000 - 0x00007ff9dc92f000 	C:\WINDOWS\System32\USER32.dll
0x00007ff9da810000 - 0x00007ff9da830000 	C:\WINDOWS\System32\win32u.dll
0x00007ff9dc420000 - 0x00007ff9dc448000 	C:\WINDOWS\System32\GDI32.dll
0x00007ff9da830000 - 0x00007ff9da9c3000 	C:\WINDOWS\System32\gdi32full.dll
0x00007ff9da4f0000 - 0x00007ff9da58b000 	C:\WINDOWS\System32\msvcp_win.dll
0x00007ff9cf010000 - 0x00007ff9cf279000 	C:\WINDOWS\WinSxS\amd64_microsoft.windows.common-controls_6595b64144ccf1df_6.0.16299.192_none_15c8cdae9364c23b\COMCTL32.dll
0x00007ff9da9d0000 - 0x00007ff9daac6000 	C:\WINDOWS\System32\ucrtbase.dll
0x00007ff9db560000 - 0x00007ff9db868000 	C:\WINDOWS\System32\combase.dll
0x00007ff9db490000 - 0x00007ff9db502000 	C:\WINDOWS\System32\bcryptPrimitives.dll
0x00007ff9dc580000 - 0x00007ff9dc5ad000 	C:\WINDOWS\System32\IMM32.DLL
0x000000006fc70000 - 0x000000006fd42000 	C:\Program Files\Java\jdk1.8.0_151\jre\bin\msvcr100.dll
0x000000006fd50000 - 0x00000000705ed000 	C:\Program Files\Java\jdk1.8.0_151\jre\bin\server\jvm.dll
0x00007ff9dbea0000 - 0x00007ff9dbea8000 	C:\WINDOWS\System32\PSAPI.DLL
0x00007ff9bec20000 - 0x00007ff9bec29000 	C:\WINDOWS\SYSTEM32\WSOCK32.dll
0x00007ff9cdb20000 - 0x00007ff9cdb2a000 	C:\WINDOWS\SYSTEM32\VERSION.dll
0x00007ff9d6c40000 - 0x00007ff9d6c63000 	C:\WINDOWS\SYSTEM32\WINMM.dll
0x00007ff9ddff0000 - 0x00007ff9de05c000 	C:\WINDOWS\System32\WS2_32.dll
0x00007ff9d6be0000 - 0x00007ff9d6c0a000 	C:\WINDOWS\SYSTEM32\winmmbase.dll
0x00007ff9db510000 - 0x00007ff9db55a000 	C:\WINDOWS\System32\cfgmgr32.dll
0x000000006fc20000 - 0x000000006fc2f000 	C:\Program Files\Java\jdk1.8.0_151\jre\bin\verify.dll
0x000000006fbf0000 - 0x000000006fc19000 	C:\Program Files\Java\jdk1.8.0_151\jre\bin\java.dll
0x000000006fbd0000 - 0x000000006fbe6000 	C:\Program Files\Java\jdk1.8.0_151\jre\bin\zip.dll
0x00007ff9dcbb0000 - 0x00007ff9ddfe6000 	C:\WINDOWS\System32\SHELL32.dll
0x00007ff9dcaa0000 - 0x00007ff9dcb46000 	C:\WINDOWS\System32\shcore.dll
0x00007ff9dad40000 - 0x00007ff9db487000 	C:\WINDOWS\System32\windows.storage.dll
0x00007ff9dc5d0000 - 0x00007ff9dc621000 	C:\WINDOWS\System32\shlwapi.dll
0x00007ff9da420000 - 0x00007ff9da431000 	C:\WINDOWS\System32\kernel.appcore.dll
0x00007ff9da440000 - 0x00007ff9da48c000 	C:\WINDOWS\System32\powrprof.dll
0x00007ff9da3e0000 - 0x00007ff9da3fb000 	C:\WINDOWS\System32\profapi.dll

VM Arguments:
jvm_args: -Dapplication.home=C:\Program Files\Java\jdk1.8.0_151 -Xms8m 
java_command: com.sun.tools.javac.Main -d C:\Users\JOSE\Documents\Escuela\6. Sexto semestre\Estructura de datos\Unidad 3\MyPuntoDeVenta\build\classes -classpath C:\Users\JOSE\Documents\Escuela\6. Sexto semestre\Estructura de datos\Unidad 3\MyPuntoDeVenta\build\classes;C:\Users\JOSE\Documents\Escuela\6. Sexto semestre\Estructura de datos\Unidad 3\MyPuntoDeVenta\Libraries\mysql-connector-java-5.1.46-bin.jar;C:\Users\JOSE\Documents\Escuela\6. Sexto semestre\Estructura de datos\Unidad 3\MyPuntoDeVenta\Libraries\mysql-connector-java-5.1.46.jar;C:\Users\JOSE\Documents\Escuela\6. Sexto semestre\Estructura de datos\Unidad 3\MyPuntoDeVenta\commons-dbutils-1.6-javadoc.jar;C:\Users\JOSE\Documents\Escuela\6. Sexto semestre\Estructura de datos\Unidad 3\MyPuntoDeVenta\commons-dbutils-1.6-sources.jar;C:\Users\JOSE\Documents\Escuela\6. Sexto semestre\Estructura de datos\Unidad 3\MyPuntoDeVenta\commons-dbutils-1.6-test-sources.jar;C:\Users\JOSE\Documents\Escuela\6. Sexto semestre\Estructura de datos\Unidad 3\MyPuntoDeVenta\commons-dbutils-1.6-tests.jar;C:\Users\JOSE\Documents\Escuela\6. Sexto semestre\Estructura de datos\Unidad 3\MyPuntoDeVenta\commons-dbutils-1.6.jar;C:\Users\JOSE\Documents\Escuela\6. Sexto semestre\Estructura de datos\Unidad 3\MyPuntoDeVenta\Libraries\AutoCompleter.jar -sourcepath C:\Users\JOSE\Documents\Escuela\6. Sexto semestre\Estructura de datos\Unidad 3\MyPuntoDeVenta\build\empty -target 1.8 -encoding UTF-8 -g -processorpath C:\Users\JOSE\Documents\Escuela\6. Sexto semestre\Estructura de datos\Unidad 3\MyPuntoDeVenta\Libraries\mysql-connector-java-5.1.46-bin.jar;C:\Users\JOSE\Documents\Escuela\6. Sexto semestre\Estructura de datos\Unidad 3\MyPuntoDeVenta\Libraries\mysql-connector-java-5.1.46.jar;C:\Users\JOSE\Documents\Escuela\6. Sexto semestre\Estructura de datos\Unidad 3\MyPuntoDeVenta\commons-dbutils-1.6-javadoc.jar;C:\Users\JOSE\Documents\Escuela\6. Sexto semestre\Estructura de datos\Unidad 3\MyPuntoDeVenta\commons-dbutils-1.6-sources.jar;C:\Users\JOSE\
java_class_path (initial): C:\Program Files\Java\jdk1.8.0_151/lib/tools.jar;C:\Program Files\Java\jdk1.8.0_151/classes
Launcher Type: SUN_STANDARD

Environment Variables:
PATH=C:\ProgramData\Oracle\Java\javapath C:\Program Files\Java\jdk1.8.0_151\bin;C:\Windows\System32;C:\Windows;C:\Windows\System32\wbem;C:\Windows\System32\WindowsPowerShell\v1.0\;C:\Program Files\Hewlett-Packard\SimplePass\;C:\Program Files (x86)\PICC;C:\Program Files (x86)\Microchip\MPLAB C32 Suite\bin;C:\Program Files\MATLAB\MATLAB Production Server\R2015a\runtime\win64;C:\Program Files\MATLAB\MATLAB Production Server\R2015a\bin;C:\Program Files\MATLAB\MATLAB Production Server\R2015a\polyspace\bin;C:\Program Files\Microsoft SQL Server\Client SDK\ODBC\110\Tools\Binn\;C:\Program Files (x86)\Microsoft SQL Server\120\Tools\Binn\;C:\Program Files\Microsoft SQL Server\120\Tools\Binn\;C:\Program Files\Microsoft SQL Server\120\DTS\Binn\;C:\Program Files (x86)\Windows Kits\8.1\Windows Performance Toolkit\;C:\Program Files (x86)\Windows Live\Shared;C:\Program Files\Microsoft\Web Platform Installer\;C:\Program Files (x86)\Microsoft ASP.NET\ASP.NET Web Pages\v1.0\;C:\Program Files (x86)\Windows Kits\8.0\Windows Performance Toolkit\;C:\Program Files\Microsoft SQL Server\110\Tools\Binn\;C:\Program Files\MATLAB\MATLAB Runtime\v85\runtime\win64;C:\Aldec\Active-HDL-Student-Edition\bin;C:\Program Files\Git\cmd;C:\Program Files\MySQL\MySQL Utilities 1.6\;C:\Program Files\MySQL\MySQL Server 5.7\bin\;C:\cygwin64\bin;C:\cygwin64\lib;C:\Program Files (x86)\Microsoft SQL Server\Client SDK\ODBC\130\Tools\Binn\;C:\Program Files (x86)\Microsoft SQL Server\140\Tools\Binn\;C:\Program Files (x86)\Microsoft SQL Server\140\DTS\Binn\;C:\Program Files (x86)\Microsoft SQL Server\140\Tools\Binn\ManagementStudio\;C:\Program Files\Java\jdk1.8.0_151\bin;C:\Program Files\Microsoft VS Code\bin;C:\Users\JOSE\AppData\Local\Microsoft\WindowsApps;
USERNAME=JOSE
OS=Windows_NT
PROCESSOR_IDENTIFIER=Intel64 Family 6 Model 69 Stepping 1, GenuineIntel



---------------  S Y S T E M  ---------------

OS: Windows 10.0 , 64 bit Build 16299 (10.0.16299.15)

CPU:total 4 (initial active 4) (2 cores per cpu, 2 threads per core) family 6 model 69 stepping 1, cmov, cx8, fxsr, mmx, sse, sse2, sse3, ssse3, sse4.1, sse4.2, popcnt, avx, avx2, aes, clmul, erms, lzcnt, ht, tsc, tscinvbit, bmi1, bmi2

Memory: 4k page, physical 8318808k(934976k free), swap 8318808k(5176k free)

vm_info: Java HotSpot(TM) 64-Bit Server VM (25.151-b12) for windows-amd64 JRE (1.8.0_151-b12), built on Sep  5 2017 19:33:46 by "java_re" with MS VC++ 10.0 (VS2010)

time: Sat May 12 17:03:16 2018
elapsed time: 2 seconds (0d 0h 0m 2s)

