#
# There is insufficient memory for the Java Runtime Environment to continue.
# Native memory allocation (malloc) failed to allocate 225536 bytes for Chunk::new
# Possible reasons:
#   The system is out of physical RAM or swap space
#   In 32 bit mode, the process size limit was hit
# Possible solutions:
#   Reduce memory load on the system
#   Increase physical memory or swap space
#   Check if swap backing store is full
#   Use 64 bit Java on a 64 bit OS
#   Decrease Java heap size (-Xmx/-Xms)
#   Decrease number of Java threads
#   Decrease Java thread stack sizes (-Xss)
#   Set larger code cache with -XX:ReservedCodeCacheSize=
# This output file may be truncated or incomplete.
#
#  Out of Memory Error (allocation.cpp:390), pid=15656, tid=0x0000000000001628
#
# JRE version: Java(TM) SE Runtime Environment (8.0_141-b15) (build 1.8.0_141-b15)
# Java VM: Java HotSpot(TM) 64-Bit Server VM (25.141-b15 mixed mode windows-amd64 compressed oops)
# Failed to write core dump. Minidumps are not enabled by default on client versions of Windows
#

---------------  T H R E A D  ---------------

Current thread (0x0000000019d41000):  JavaThread "C2 CompilerThread0" daemon [_thread_in_native, id=5672, stack(0x000000001b3b0000,0x000000001b4b0000)]

Stack: [0x000000001b3b0000,0x000000001b4b0000]
[error occurred during error reporting (printing stack bounds), id 0xc0000005]

Native frames: (J=compiled Java code, j=interpreted, Vv=VM code, C=native code)


Current CompileTask:
C2:   1432 1209       4       sun.awt.image.PNGImageDecoder::filterRow (459 bytes)


---------------  P R O C E S S  ---------------

Java Threads: ( => current thread )
  0x0000000004fad800 JavaThread "DestroyJavaVM" [_thread_blocked, id=3936, stack(0x0000000004fb0000,0x00000000050b0000)]
  0x000000001cae8800 JavaThread "Image Fetcher 3" daemon [_thread_blocked, id=5912, stack(0x000000001d970000,0x000000001da70000)]
  0x000000001cae6000 JavaThread "Image Fetcher 2" daemon [_thread_blocked, id=5084, stack(0x000000001d870000,0x000000001d970000)]
  0x000000001ca8d000 JavaThread "Image Fetcher 1" daemon [_thread_blocked, id=15496, stack(0x000000001d770000,0x000000001d870000)]
  0x000000001c892000 JavaThread "Image Fetcher 0" daemon [_thread_blocked, id=12316, stack(0x000000001d670000,0x000000001d770000)]
  0x000000001c898800 JavaThread "AWT-EventQueue-0" [_thread_in_native, id=13484, stack(0x000000001d570000,0x000000001d670000)]
  0x000000001ba2e800 JavaThread "AWT-Windows" daemon [_thread_in_native, id=15004, stack(0x000000001c260000,0x000000001c360000)]
  0x000000001ba2a800 JavaThread "AWT-Shutdown" [_thread_blocked, id=14988, stack(0x000000001c160000,0x000000001c260000)]
  0x000000001ba2a000 JavaThread "Java2D Disposer" daemon [_thread_blocked, id=9404, stack(0x000000001c060000,0x000000001c160000)]
  0x000000001b6dc800 JavaThread "Service Thread" daemon [_thread_blocked, id=7240, stack(0x000000001bab0000,0x000000001bbb0000)]
  0x0000000019d6b800 JavaThread "C1 CompilerThread2" daemon [_thread_blocked, id=11080, stack(0x000000001b5b0000,0x000000001b6b0000)]
  0x0000000019d43000 JavaThread "C2 CompilerThread1" daemon [_thread_blocked, id=7948, stack(0x000000001b4b0000,0x000000001b5b0000)]
=>0x0000000019d41000 JavaThread "C2 CompilerThread0" daemon [_thread_in_native, id=5672, stack(0x000000001b3b0000,0x000000001b4b0000)]
  0x0000000019d3e000 JavaThread "Attach Listener" daemon [_thread_blocked, id=1444, stack(0x000000001b2b0000,0x000000001b3b0000)]
  0x0000000019d3d000 JavaThread "Signal Dispatcher" daemon [_thread_blocked, id=15912, stack(0x000000001b1b0000,0x000000001b2b0000)]
  0x0000000019d2a000 JavaThread "Finalizer" daemon [_thread_blocked, id=15708, stack(0x000000001afa0000,0x000000001b0a0000)]
  0x0000000019d08800 JavaThread "Reference Handler" daemon [_thread_blocked, id=10180, stack(0x000000001aea0000,0x000000001afa0000)]

Other Threads:
  0x0000000019d07000 VMThread [stack: 0x000000001ada0000,0x000000001aea0000] [id=10472]
  0x000000001b700800 WatcherThread [stack: 0x000000001bf60000,0x000000001c060000] [id=16312]

VM state:not at safepoint (normal execution)

VM Mutex/Monitor currently owned by a thread: None

Heap:
 PSYoungGen      total 38400K, used 15559K [0x00000000d5b00000, 0x00000000d8580000, 0x0000000100000000)
  eden space 33280K, 46% used [0x00000000d5b00000,0x00000000d6a31c08,0x00000000d7b80000)
  from space 5120K, 0% used [0x00000000d7b80000,0x00000000d7b80000,0x00000000d8080000)
  to   space 5120K, 0% used [0x00000000d8080000,0x00000000d8080000,0x00000000d8580000)
 ParOldGen       total 63488K, used 843K [0x0000000081000000, 0x0000000084e00000, 0x00000000d5b00000)
  object space 63488K, 1% used [0x0000000081000000,0x00000000810d2c88,0x0000000084e00000)
 Metaspace       used 13813K, capacity 14018K, committed 14336K, reserved 1064960K
  class space    used 1847K, capacity 1939K, committed 2048K, reserved 1048576K

Card table byte_map: [0x0000000014570000,0x0000000014970000] byte_map_base: 0x0000000014168000

Marking Bits: (ParMarkBitMap*) 0x000000005388d850
 Begin Bits: [0x0000000015020000, 0x0000000016fe0000)
 End Bits:   [0x0000000016fe0000, 0x0000000018fa0000)

Polling page: 0x0000000003540000

CodeCache: size=245760Kb used=4236Kb max_used=4238Kb free=241523Kb
 bounds [0x00000000051b0000, 0x00000000055e0000, 0x00000000141b0000]
 total_blobs=1726 nmethods=1219 adapters=419
 compilation: enabled

Compilation events (10 events):
Event: 1.392 Thread 0x0000000019d6b800 nmethod 1204 0x00000000055ae310 code [0x00000000055ae480, 0x00000000055ae748]
Event: 1.392 Thread 0x0000000019d6b800 1206   !   3       sun.awt.image.ImageRepresentation::setPixels (535 bytes)
Event: 1.396 Thread 0x0000000019d6b800 nmethod 1206 0x00000000055b01d0 code [0x00000000055b0540, 0x00000000055b28f8]
Event: 1.396 Thread 0x0000000019d6b800 1207 % !   3       sun.awt.image.PNGImageDecoder::produceImage @ 960 (1916 bytes)
Event: 1.400 Thread 0x0000000019d43000 nmethod 1202% 0x00000000055b5dd0 code [0x00000000055b5f20, 0x00000000055b6558]
Event: 1.400 Thread 0x0000000019d41000 1209       4       sun.awt.image.PNGImageDecoder::filterRow (459 bytes)
Event: 1.413 Thread 0x0000000019d6b800 nmethod 1207% 0x00000000055b6790 code [0x00000000055b6f80, 0x00000000055bd878]
Event: 1.413 Thread 0x0000000019d6b800 1208       3       java.util.zip.InflaterInputStream::ensureOpen (18 bytes)
Event: 1.413 Thread 0x0000000019d6b800 nmethod 1208 0x00000000055ade90 code [0x00000000055ae000, 0x00000000055ae248]
Event: 1.413 Thread 0x0000000019d6b800 1211   !   3       sun.awt.image.PNGImageDecoder::produceImage (1916 bytes)

GC Heap History (4 events):
Event: 0.393 GC heap before
{Heap before GC invocations=1 (full 0):
 PSYoungGen      total 38400K, used 3993K [0x00000000d5b00000, 0x00000000d8580000, 0x0000000100000000)
  eden space 33280K, 12% used [0x00000000d5b00000,0x00000000d5ee67a8,0x00000000d7b80000)
  from space 5120K, 0% used [0x00000000d8080000,0x00000000d8080000,0x00000000d8580000)
  to   space 5120K, 0% used [0x00000000d7b80000,0x00000000d7b80000,0x00000000d8080000)
 ParOldGen       total 87552K, used 0K [0x0000000081000000, 0x0000000086580000, 0x00000000d5b00000)
  object space 87552K, 0% used [0x0000000081000000,0x0000000081000000,0x0000000086580000)
 Metaspace       used 7551K, capacity 7652K, committed 7680K, reserved 1062912K
  class space    used 953K, capacity 1017K, committed 1024K, reserved 1048576K
Event: 0.395 GC heap after
Heap after GC invocations=1 (full 0):
 PSYoungGen      total 38400K, used 960K [0x00000000d5b00000, 0x00000000d8580000, 0x0000000100000000)
  eden space 33280K, 0% used [0x00000000d5b00000,0x00000000d5b00000,0x00000000d7b80000)
  from space 5120K, 18% used [0x00000000d7b80000,0x00000000d7c70000,0x00000000d8080000)
  to   space 5120K, 0% used [0x00000000d8080000,0x00000000d8080000,0x00000000d8580000)
 ParOldGen       total 87552K, used 8K [0x0000000081000000, 0x0000000086580000, 0x00000000d5b00000)
  object space 87552K, 0% used [0x0000000081000000,0x0000000081002000,0x0000000086580000)
 Metaspace       used 7551K, capacity 7652K, committed 7680K, reserved 1062912K
  class space    used 953K, capacity 1017K, committed 1024K, reserved 1048576K
}
Event: 0.395 GC heap before
{Heap before GC invocations=2 (full 1):
 PSYoungGen      total 38400K, used 960K [0x00000000d5b00000, 0x00000000d8580000, 0x0000000100000000)
  eden space 33280K, 0% used [0x00000000d5b00000,0x00000000d5b00000,0x00000000d7b80000)
  from space 5120K, 18% used [0x00000000d7b80000,0x00000000d7c70000,0x00000000d8080000)
  to   space 5120K, 0% used [0x00000000d8080000,0x00000000d8080000,0x00000000d8580000)
 ParOldGen       total 87552K, used 8K [0x0000000081000000, 0x0000000086580000, 0x00000000d5b00000)
  object space 87552K, 0% used [0x0000000081000000,0x0000000081002000,0x0000000086580000)
 Metaspace       used 7551K, capacity 7652K, committed 7680K, reserved 1062912K
  class space    used 953K, capacity 1017K, committed 1024K, reserved 1048576K
Event: 0.411 GC heap after
Heap after GC invocations=2 (full 1):
 PSYoungGen      total 38400K, used 0K [0x00000000d5b00000, 0x00000000d8580000, 0x0000000100000000)
  eden space 33280K, 0% used [0x00000000d5b00000,0x00000000d5b00000,0x00000000d7b80000)
  from space 5120K, 0% used [0x00000000d7b80000,0x00000000d7b80000,0x00000000d8080000)
  to   space 5120K, 0% used [0x00000000d8080000,0x00000000d8080000,0x00000000d8580000)
 ParOldGen       total 63488K, used 843K [0x0000000081000000, 0x0000000084e00000, 0x00000000d5b00000)
  object space 63488K, 1% used [0x0000000081000000,0x00000000810d2c88,0x0000000084e00000)
 Metaspace       used 7551K, capacity 7652K, committed 7680K, reserved 1060864K
  class space    used 953K, capacity 1017K, committed 1024K, reserved 1048576K
}

Deoptimization events (10 events):
Event: 0.902 Thread 0x0000000004fad800 Uncommon trap: reason=class_check action=maybe_recompile pc=0x0000000005436d64 method=javax.swing.UIDefaults.getFromHashtable(Ljava/lang/Object;)Ljava/lang/Object; @ 92
Event: 0.925 Thread 0x0000000004fad800 Uncommon trap: reason=unstable_if action=reinterpret pc=0x000000000548c2c4 method=javax.swing.JComponent.getClientProperty(Ljava/lang/Object;)Ljava/lang/Object; @ 4
Event: 0.942 Thread 0x0000000004fad800 Uncommon trap: reason=unstable_if action=reinterpret pc=0x000000000548ec74 method=java.lang.ref.SoftReference.get()Ljava/lang/Object; @ 6
Event: 0.982 Thread 0x0000000004fad800 Uncommon trap: reason=class_check action=maybe_recompile pc=0x0000000005321268 method=java.lang.String.equals(Ljava/lang/Object;)Z @ 8
Event: 0.986 Thread 0x0000000004fad800 Uncommon trap: reason=class_check action=maybe_recompile pc=0x0000000005321268 method=java.lang.String.equals(Ljava/lang/Object;)Z @ 8
Event: 0.987 Thread 0x0000000004fad800 Uncommon trap: reason=class_check action=maybe_recompile pc=0x0000000005321268 method=java.lang.String.equals(Ljava/lang/Object;)Z @ 8
Event: 1.000 Thread 0x0000000004fad800 Uncommon trap: reason=class_check action=maybe_recompile pc=0x0000000005321268 method=java.lang.String.equals(Ljava/lang/Object;)Z @ 8
Event: 1.162 Thread 0x0000000004fad800 Uncommon trap: reason=null_check action=make_not_entrant pc=0x000000000553de6c method=javax.swing.plaf.nimbus.NimbusDefaults$LazyStyle.matches(Ljava/awt/Component;I)Z @ 39
Event: 1.221 Thread 0x000000001ba2e800 Uncommon trap: reason=unstable_if action=reinterpret pc=0x0000000005464164 method=sun.awt.SunToolkit.getAppContext(Ljava/lang/Object;)Lsun/awt/AppContext; @ 4
Event: 1.353 Thread 0x000000001c898800 Uncommon trap: reason=unstable_if action=reinterpret pc=0x000000000558d568 method=java.awt.MultipleGradientPaintContext.indexIntoGradientsArrays(F)I @ 24

Internal exceptions (10 events):
Event: 0.381 Thread 0x0000000004fad800 Exception <a 'java/lang/ClassNotFoundException': javax/swing/JToolBarSeparator> (0x00000000d5e212b0) thrown at [C:\re\workspace\8-2-build-windows-amd64-cygwin\jdk8u141\9370\hotspot\src\share\vm\classfile\systemDictionary.cpp, line 210]
Event: 0.381 Thread 0x0000000004fad800 Exception <a 'java/lang/ClassNotFoundException': ToolBarSeparator> (0x00000000d5e21748) thrown at [C:\re\workspace\8-2-build-windows-amd64-cygwin\jdk8u141\9370\hotspot\src\share\vm\classfile\systemDictionary.cpp, line 210]
Event: 0.382 Thread 0x0000000004fad800 Exception <a 'java/lang/ClassNotFoundException': ToolTip> (0x00000000d5e21ec8) thrown at [C:\re\workspace\8-2-build-windows-amd64-cygwin\jdk8u141\9370\hotspot\src\share\vm\classfile\systemDictionary.cpp, line 210]
Event: 0.383 Thread 0x0000000004fad800 Exception <a 'java/lang/ClassNotFoundException': Tree> (0x00000000d5e22b20) thrown at [C:\re\workspace\8-2-build-windows-amd64-cygwin\jdk8u141\9370\hotspot\src\share\vm\classfile\systemDictionary.cpp, line 210]
Event: 0.383 Thread 0x0000000004fad800 Exception <a 'java/lang/ClassNotFoundException': Tree> (0x00000000d5e23260) thrown at [C:\re\workspace\8-2-build-windows-amd64-cygwin\jdk8u141\9370\hotspot\src\share\vm\classfile\systemDictionary.cpp, line 210]
Event: 0.383 Thread 0x0000000004fad800 Exception <a 'java/lang/ClassNotFoundException': javax/swing/JTreeCell> (0x00000000d5e235e0) thrown at [C:\re\workspace\8-2-build-windows-amd64-cygwin\jdk8u141\9370\hotspot\src\share\vm\classfile\systemDictionary.cpp, line 210]
Event: 0.383 Thread 0x0000000004fad800 Exception <a 'java/lang/ClassNotFoundException': TreeCell> (0x00000000d5e23a68) thrown at [C:\re\workspace\8-2-build-windows-amd64-cygwin\jdk8u141\9370\hotspot\src\share\vm\classfile\systemDictionary.cpp, line 210]
Event: 0.384 Thread 0x0000000004fad800 Exception <a 'java/lang/ClassNotFoundException': RootPane> (0x00000000d5e24508) thrown at [C:\re\workspace\8-2-build-windows-amd64-cygwin\jdk8u141\9370\hotspot\src\share\vm\classfile\systemDictionary.cpp, line 210]
Event: 0.412 Thread 0x0000000004fad800 Exception <a 'java/io/FileNotFoundException'> (0x00000000d5b00420) thrown at [C:\re\workspace\8-2-build-windows-amd64-cygwin\jdk8u141\9370\hotspot\src\share\vm\prims\jni.cpp, line 709]
Event: 1.162 Thread 0x0000000004fad800 Implicit null exception at 0x000000000553a736 to 0x000000000553de51

Events (10 events):
Event: 1.417 Thread 0x000000001cae8800 DEOPT PACKING pc=0x0000000005451395 sp=0x000000001da6ec30
Event: 1.417 Thread 0x000000001cae8800 DEOPT UNPACKING pc=0x00000000051f787f sp=0x000000001da6e928 mode 0
Event: 1.417 Thread 0x000000001cae8800 DEOPT PACKING pc=0x0000000005451395 sp=0x000000001da6ec30
Event: 1.417 Thread 0x000000001cae8800 DEOPT UNPACKING pc=0x00000000051f787f sp=0x000000001da6e928 mode 0
Event: 1.418 Thread 0x000000001cae8800 DEOPT PACKING pc=0x0000000005451395 sp=0x000000001da6ec30
Event: 1.418 Thread 0x000000001cae8800 DEOPT UNPACKING pc=0x00000000051f787f sp=0x000000001da6e928 mode 0
Event: 1.419 Thread 0x000000001cae8800 DEOPT PACKING pc=0x0000000005451395 sp=0x000000001da6ec30
Event: 1.419 Thread 0x000000001cae8800 DEOPT UNPACKING pc=0x00000000051f787f sp=0x000000001da6e928 mode 0
Event: 1.421 loading class java/awt/GraphicsCallback$PaintAllCallback
Event: 1.421 loading class java/awt/GraphicsCallback$PaintAllCallback done


Dynamic libraries:
0x00007ff764360000 - 0x00007ff764397000 	C:\Program Files\Java\jdk1.8.0_141\bin\java.exe
0x00007ffc127a0000 - 0x00007ffc12980000 	C:\WINDOWS\SYSTEM32\ntdll.dll
0x00007ffc0ffd0000 - 0x00007ffc1007e000 	C:\WINDOWS\System32\KERNEL32.DLL
0x00007ffc0ed40000 - 0x00007ffc0efa6000 	C:\WINDOWS\System32\KERNELBASE.dll
0x00007ffc10080000 - 0x00007ffc10121000 	C:\WINDOWS\System32\ADVAPI32.dll
0x00007ffc10970000 - 0x00007ffc10a0d000 	C:\WINDOWS\System32\msvcrt.dll
0x00007ffc0fd40000 - 0x00007ffc0fd9b000 	C:\WINDOWS\System32\sechost.dll
0x00007ffc10450000 - 0x00007ffc1056f000 	C:\WINDOWS\System32\RPCRT4.dll
0x00007ffc11190000 - 0x00007ffc1131f000 	C:\WINDOWS\System32\USER32.dll
0x00007ffc0f030000 - 0x00007ffc0f050000 	C:\WINDOWS\System32\win32u.dll
0x00007ffc10ab0000 - 0x00007ffc10ad8000 	C:\WINDOWS\System32\GDI32.dll
0x00007ffc0fad0000 - 0x00007ffc0fc63000 	C:\WINDOWS\System32\gdi32full.dll
0x00007ffc0eca0000 - 0x00007ffc0ed3b000 	C:\WINDOWS\System32\msvcp_win.dll
0x00007ffc0eba0000 - 0x00007ffc0ec96000 	C:\WINDOWS\System32\ucrtbase.dll
0x00007ffc04a90000 - 0x00007ffc04cf9000 	C:\WINDOWS\WinSxS\amd64_microsoft.windows.common-controls_6595b64144ccf1df_6.0.16299.192_none_15c8cdae9364c23b\COMCTL32.dll
0x00007ffc10140000 - 0x00007ffc10448000 	C:\WINDOWS\System32\combase.dll
0x00007ffc0efb0000 - 0x00007ffc0f022000 	C:\WINDOWS\System32\bcryptPrimitives.dll
0x00007ffc10a10000 - 0x00007ffc10a3d000 	C:\WINDOWS\System32\IMM32.DLL
0x0000000052f90000 - 0x0000000053062000 	C:\Program Files\Java\jdk1.8.0_141\jre\bin\msvcr100.dll
0x0000000053070000 - 0x000000005390d000 	C:\Program Files\Java\jdk1.8.0_141\jre\bin\server\jvm.dll
0x00007ffc11320000 - 0x00007ffc11328000 	C:\WINDOWS\System32\PSAPI.DLL
0x00007ffbf3d60000 - 0x00007ffbf3d69000 	C:\WINDOWS\SYSTEM32\WSOCK32.dll
0x00007ffc0b260000 - 0x00007ffc0b283000 	C:\WINDOWS\SYSTEM32\WINMM.dll
0x00007ffc10a40000 - 0x00007ffc10aac000 	C:\WINDOWS\System32\WS2_32.dll
0x00007ffc03220000 - 0x00007ffc0322a000 	C:\WINDOWS\SYSTEM32\VERSION.dll
0x00007ffc0b200000 - 0x00007ffc0b22a000 	C:\WINDOWS\SYSTEM32\WINMMBASE.dll
0x00007ffc0f160000 - 0x00007ffc0f1aa000 	C:\WINDOWS\System32\cfgmgr32.dll
0x0000000052f40000 - 0x0000000052f4f000 	C:\Program Files\Java\jdk1.8.0_141\jre\bin\verify.dll
0x0000000052f10000 - 0x0000000052f39000 	C:\Program Files\Java\jdk1.8.0_141\jre\bin\java.dll
0x0000000052ef0000 - 0x0000000052f06000 	C:\Program Files\Java\jdk1.8.0_141\jre\bin\zip.dll
0x00007ffc11330000 - 0x00007ffc12766000 	C:\WINDOWS\System32\SHELL32.dll
0x00007ffc11080000 - 0x00007ffc11126000 	C:\WINDOWS\System32\shcore.dll
0x00007ffc0f380000 - 0x00007ffc0fac7000 	C:\WINDOWS\System32\windows.storage.dll
0x00007ffc0ff50000 - 0x00007ffc0ffa1000 	C:\WINDOWS\System32\shlwapi.dll
0x00007ffc0eb60000 - 0x00007ffc0eb71000 	C:\WINDOWS\System32\kernel.appcore.dll
0x00007ffc0eb10000 - 0x00007ffc0eb5c000 	C:\WINDOWS\System32\powrprof.dll
0x00007ffc0eb80000 - 0x00007ffc0eb9b000 	C:\WINDOWS\System32\profapi.dll
0x0000000052d10000 - 0x0000000052ea8000 	C:\Program Files\Java\jdk1.8.0_141\jre\bin\awt.dll
0x00007ffc0fc70000 - 0x00007ffc0fd35000 	C:\WINDOWS\System32\OLEAUT32.dll
0x00007ffc0cb80000 - 0x00007ffc0cc08000 	C:\WINDOWS\SYSTEM32\apphelp.dll
0x00007ffc0ccb0000 - 0x00007ffc0cd45000 	C:\WINDOWS\system32\uxtheme.dll
0x00007ffc10690000 - 0x00007ffc107f7000 	C:\WINDOWS\System32\MSCTF.dll
0x00007ffc0cf70000 - 0x00007ffc0cf9a000 	C:\WINDOWS\system32\dwmapi.dll
0x00007ffc10f30000 - 0x00007ffc11079000 	C:\WINDOWS\System32\ole32.dll
0x0000000052cc0000 - 0x0000000052d07000 	C:\Program Files\Java\jdk1.8.0_141\jre\bin\fontmanager.dll
0x00007ffbe0660000 - 0x00007ffbe077e000 	C:\WINDOWS\system32\opengl32.dll
0x00007ffc04e70000 - 0x00007ffc04e9c000 	C:\WINDOWS\SYSTEM32\GLU32.dll
0x00007ffc105f0000 - 0x00007ffc1068e000 	C:\WINDOWS\System32\clbcatq.dll
0x00007ffc09b50000 - 0x00007ffc09cfb000 	C:\WINDOWS\SYSTEM32\WindowsCodecs.dll
0x00007ffbdeda0000 - 0x00007ffbdedef000 	C:\WINDOWS\system32\dataexchange.dll
0x00007ffc0bcc0000 - 0x00007ffc0bfa1000 	C:\WINDOWS\system32\d3d11.dll
0x00007ffc0c650000 - 0x00007ffc0c792000 	C:\WINDOWS\system32\dcomp.dll
0x00007ffc0d960000 - 0x00007ffc0da0f000 	C:\WINDOWS\system32\dxgi.dll
0x00007ffc0d0f0000 - 0x00007ffc0d26b000 	C:\WINDOWS\system32\twinapi.appcore.dll
0x00007ffc0e650000 - 0x00007ffc0e675000 	C:\WINDOWS\system32\bcrypt.dll
0x00007ffc0d060000 - 0x00007ffc0d080000 	C:\WINDOWS\system32\RMCLIENT.dll
0x0000000052ed0000 - 0x0000000052eea000 	C:\Program Files\Java\jdk1.8.0_141\jre\bin\net.dll
0x00007ffc0e380000 - 0x00007ffc0e3e6000 	C:\WINDOWS\system32\mswsock.dll
0x0000000052eb0000 - 0x0000000052ec1000 	C:\Program Files\Java\jdk1.8.0_141\jre\bin\nio.dll
0x0000000052c70000 - 0x0000000052cb2000 	C:\Program Files\Java\jdk1.8.0_141\jre\bin\t2k.dll
0x00007ffc01460000 - 0x00007ffc014f8000 	C:\WINDOWS\System32\TextInputFramework.dll
0x00007ffc09720000 - 0x00007ffc09a0e000 	C:\WINDOWS\System32\CoreUIComponents.dll
0x00007ffc0bfb0000 - 0x00007ffc0c08c000 	C:\WINDOWS\System32\CoreMessaging.dll
0x00007ffc0dc30000 - 0x00007ffc0dc61000 	C:\WINDOWS\SYSTEM32\ntmarta.dll
0x00007ffc0aaa0000 - 0x00007ffc0abd6000 	C:\WINDOWS\SYSTEM32\wintypes.dll
0x0000000052c30000 - 0x0000000052c5a000 	C:\Program Files\Java\jdk1.8.0_141\jre\bin\dcpr.dll

VM Arguments:
jvm_args: -Dfile.encoding=UTF-8 
java_command: punto.de.ventas.PuntoDeVentas
java_class_path (initial): C:\Users\JOSE\Documents\Escuela\6. Sexto semestre\Ingenieria de Software\Punto de venta (udemy)\Vistas\Punto de ventas\build\classes
Launcher Type: SUN_STANDARD

Environment Variables:
PATH=C:\ProgramData\Oracle\Java\javapath C:\Program Files\Java\jdk1.8.0_151\bin;C:\Windows\System32;C:\Windows;C:\Windows\System32\wbem;C:\Windows\System32\WindowsPowerShell\v1.0\;C:\Program Files\Hewlett-Packard\SimplePass\;C:\Program Files (x86)\PICC;C:\Program Files (x86)\Microchip\MPLAB C32 Suite\bin;C:\Program Files\MATLAB\MATLAB Production Server\R2015a\runtime\win64;C:\Program Files\MATLAB\MATLAB Production Server\R2015a\bin;C:\Program Files\MATLAB\MATLAB Production Server\R2015a\polyspace\bin;C:\Program Files\Microsoft SQL Server\Client SDK\ODBC\110\Tools\Binn\;C:\Program Files (x86)\Microsoft SQL Server\120\Tools\Binn\;C:\Program Files\Microsoft SQL Server\120\Tools\Binn\;C:\Program Files\Microsoft SQL Server\120\DTS\Binn\;C:\Program Files (x86)\Windows Kits\8.1\Windows Performance Toolkit\;C:\Program Files (x86)\Windows Live\Shared;C:\Program Files\Microsoft\Web Platform Installer\;C:\Program Files (x86)\Microsoft ASP.NET\ASP.NET Web Pages\v1.0\;C:\Program Files (x86)\Windows Kits\8.0\Windows Performance Toolkit\;C:\Program Files\Microsoft SQL Server\110\Tools\Binn\;C:\Program Files\MATLAB\MATLAB Runtime\v85\runtime\win64;C:\Aldec\Active-HDL-Student-Edition\bin;C:\Program Files\Git\cmd;C:\Program Files\MySQL\MySQL Utilities 1.6\;C:\Program Files\Java\jdk1.8.0_151\bin;C:\Program Files\Microsoft VS Code\bin;C:\Users\JOSE\AppData\Local\Microsoft\WindowsApps;
USERNAME=JOSE
OS=Windows_NT
PROCESSOR_IDENTIFIER=Intel64 Family 6 Model 69 Stepping 1, GenuineIntel



---------------  S Y S T E M  ---------------

OS: Windows 10.0 , 64 bit Build 16299 (10.0.16299.15)

CPU:total 4 (initial active 4) (2 cores per cpu, 2 threads per core) family 6 model 69 stepping 1, cmov, cx8, fxsr, mmx, sse, sse2, sse3, ssse3, sse4.1, sse4.2, popcnt, avx, avx2, aes, clmul, erms, lzcnt, ht, tsc, tscinvbit, bmi1, bmi2

Memory: 4k page, physical 8318808k(1264476k free), swap 8318808k(4464k free)

vm_info: Java HotSpot(TM) 64-Bit Server VM (25.141-b15) for windows-amd64 JRE (1.8.0_141-b15), built on Jul 12 2017 04:25:12 by "java_re" with MS VC++ 10.0 (VS2010)

time: Wed Feb 14 12:51:43 2018
elapsed time: 1 seconds (0d 0h 0m 1s)

