#
# There is insufficient memory for the Java Runtime Environment to continue.
# Native memory allocation (malloc) failed to allocate 1234416 bytes for Chunk::new
# Possible reasons:
#   The system is out of physical RAM or swap space
#   In 32 bit mode, the process size limit was hit
# Possible solutions:
#   Reduce memory load on the system
#   Increase physical memory or swap space
#   Check if swap backing store is full
#   Use 64 bit Java on a 64 bit OS
#   Decrease Java heap size (-Xmx/-Xms)
#   Decrease number of Java threads
#   Decrease Java thread stack sizes (-Xss)
#   Set larger code cache with -XX:ReservedCodeCacheSize=
# This output file may be truncated or incomplete.
#
#  Out of Memory Error (allocation.cpp:390), pid=13412, tid=0x0000000000003050
#
# JRE version: Java(TM) SE Runtime Environment (8.0_151-b12) (build 1.8.0_151-b12)
# Java VM: Java HotSpot(TM) 64-Bit Server VM (25.151-b12 mixed mode windows-amd64 compressed oops)
# Failed to write core dump. Minidumps are not enabled by default on client versions of Windows
#

---------------  T H R E A D  ---------------

Current thread (0x0000000019d91000):  JavaThread "C2 CompilerThread0" daemon [_thread_in_native, id=12368, stack(0x000000001b4f0000,0x000000001b5f0000)]

Stack: [0x000000001b4f0000,0x000000001b5f0000]
[error occurred during error reporting (printing stack bounds), id 0xc0000005]

Native frames: (J=compiled Java code, j=interpreted, Vv=VM code, C=native code)


Current CompileTask:
C2:   7138 2025       4       javax.swing.plaf.nimbus.NimbusStyle::validate (1178 bytes)


---------------  P R O C E S S  ---------------

Java Threads: ( => current thread )
  0x000000001c54b000 JavaThread "Image Fetcher 0" daemon [_thread_blocked, id=13144, stack(0x000000001dbf0000,0x000000001dcf0000)]
  0x000000001c2a0800 JavaThread "Abandoned connection cleanup thread" daemon [_thread_blocked, id=8616, stack(0x000000001d4a0000,0x000000001d5a0000)]
  0x00000000051ce000 JavaThread "DestroyJavaVM" [_thread_blocked, id=7820, stack(0x0000000003780000,0x0000000003880000)]
  0x000000001c26d800 JavaThread "AWT-EventQueue-0" [_thread_blocked, id=11676, stack(0x000000001d1a0000,0x000000001d2a0000)]
  0x000000001c214800 JavaThread "AWT-Windows" daemon [_thread_in_native, id=11420, stack(0x000000001cba0000,0x000000001cca0000)]
  0x000000001c210800 JavaThread "AWT-Shutdown" [_thread_blocked, id=13612, stack(0x000000001caa0000,0x000000001cba0000)]
  0x000000001c20c000 JavaThread "Java2D Disposer" daemon [_thread_blocked, id=13992, stack(0x000000001c9a0000,0x000000001caa0000)]
  0x000000001b828800 JavaThread "Service Thread" daemon [_thread_blocked, id=13932, stack(0x000000001bbf0000,0x000000001bcf0000)]
  0x0000000019d9a000 JavaThread "C1 CompilerThread2" daemon [_thread_blocked, id=5364, stack(0x000000001b6f0000,0x000000001b7f0000)]
  0x0000000019d93800 JavaThread "C2 CompilerThread1" daemon [_thread_in_native, id=3192, stack(0x000000001b5f0000,0x000000001b6f0000)]
=>0x0000000019d91000 JavaThread "C2 CompilerThread0" daemon [_thread_in_native, id=12368, stack(0x000000001b4f0000,0x000000001b5f0000)]
  0x0000000019d90000 JavaThread "Attach Listener" daemon [_thread_blocked, id=5536, stack(0x000000001b3f0000,0x000000001b4f0000)]
  0x0000000019d8f000 JavaThread "Signal Dispatcher" daemon [_thread_blocked, id=8552, stack(0x000000001b2f0000,0x000000001b3f0000)]
  0x0000000019d78800 JavaThread "Finalizer" daemon [_thread_blocked, id=2872, stack(0x000000001afe0000,0x000000001b0e0000)]
  0x0000000005144000 JavaThread "Reference Handler" daemon [_thread_blocked, id=4272, stack(0x000000001aee0000,0x000000001afe0000)]

Other Threads:
  0x0000000019d57000 VMThread [stack: 0x000000001ade0000,0x000000001aee0000] [id=2672]
  0x000000001b831000 WatcherThread [stack: 0x000000001bcf0000,0x000000001bdf0000] [id=8116]

VM state:not at safepoint (normal execution)

VM Mutex/Monitor currently owned by a thread: None

Heap:
 PSYoungGen      total 38400K, used 15482K [0x00000000d5b00000, 0x00000000d8580000, 0x0000000100000000)
  eden space 33280K, 31% used [0x00000000d5b00000,0x00000000d65251d8,0x00000000d7b80000)
  from space 5120K, 99% used [0x00000000d7b80000,0x00000000d8079728,0x00000000d8080000)
  to   space 5120K, 0% used [0x00000000d8080000,0x00000000d8080000,0x00000000d8580000)
 ParOldGen       total 87552K, used 5951K [0x0000000081000000, 0x0000000086580000, 0x00000000d5b00000)
  object space 87552K, 6% used [0x0000000081000000,0x00000000815cfe98,0x0000000086580000)
 Metaspace       used 18730K, capacity 18998K, committed 19328K, reserved 1067008K
  class space    used 2302K, capacity 2381K, committed 2432K, reserved 1048576K

Card table byte_map: [0x00000000145c0000,0x00000000149c0000] byte_map_base: 0x00000000141b8000

Marking Bits: (ParMarkBitMap*) 0x000000005b7fd850
 Begin Bits: [0x0000000015070000, 0x0000000017030000)
 End Bits:   [0x0000000017030000, 0x0000000018ff0000)

Polling page: 0x0000000003880000

CodeCache: size=245760Kb used=6732Kb max_used=6732Kb free=239027Kb
 bounds [0x0000000005200000, 0x00000000058a0000, 0x0000000014200000]
 total_blobs=2759 nmethods=2166 adapters=504
 compilation: enabled

Compilation events (10 events):
Event: 7.050 Thread 0x0000000019d9a000 2146       1       java.awt.image.SampleModel::getTransferType (5 bytes)
Event: 7.051 Thread 0x0000000019d9a000 nmethod 2146 0x000000000587a310 code [0x000000000587a460, 0x000000000587a570]
Event: 7.051 Thread 0x0000000019d9a000 2147       1       java.awt.image.Raster::getNumBands (5 bytes)
Event: 7.051 Thread 0x0000000019d9a000 nmethod 2147 0x000000000587fcd0 code [0x000000000587fe20, 0x000000000587ff30]
Event: 7.051 Thread 0x0000000019d9a000 2148       1       java.awt.image.ColorModel::getColorSpace (5 bytes)
Event: 7.051 Thread 0x0000000019d9a000 nmethod 2148 0x000000000587ff90 code [0x00000000058800e0, 0x00000000058801f0]
Event: 7.051 Thread 0x0000000019d9a000 2149       3       java.awt.geom.AffineTransform::getScaleX (5 bytes)
Event: 7.051 Thread 0x0000000019d9a000 nmethod 2149 0x0000000005880250 code [0x00000000058803a0, 0x00000000058804f0]
Event: 7.051 Thread 0x0000000019d9a000 2150       3       java.awt.geom.AffineTransform::getScaleY (5 bytes)
Event: 7.051 Thread 0x0000000019d9a000 nmethod 2150 0x0000000005880550 code [0x00000000058806a0, 0x00000000058807f0]

GC Heap History (2 events):
Event: 3.521 GC heap before
{Heap before GC invocations=1 (full 0):
 PSYoungGen      total 38400K, used 30115K [0x00000000d5b00000, 0x00000000d8580000, 0x0000000100000000)
  eden space 33280K, 90% used [0x00000000d5b00000,0x00000000d7868d00,0x00000000d7b80000)
  from space 5120K, 0% used [0x00000000d8080000,0x00000000d8080000,0x00000000d8580000)
  to   space 5120K, 0% used [0x00000000d7b80000,0x00000000d7b80000,0x00000000d8080000)
 ParOldGen       total 87552K, used 0K [0x0000000081000000, 0x0000000086580000, 0x00000000d5b00000)
  object space 87552K, 0% used [0x0000000081000000,0x0000000081000000,0x0000000086580000)
 Metaspace       used 18262K, capacity 18550K, committed 18816K, reserved 1064960K
  class space    used 2297K, capacity 2381K, committed 2432K, reserved 1048576K
Event: 3.538 GC heap after
Heap after GC invocations=1 (full 0):
 PSYoungGen      total 38400K, used 5093K [0x00000000d5b00000, 0x00000000d8580000, 0x0000000100000000)
  eden space 33280K, 0% used [0x00000000d5b00000,0x00000000d5b00000,0x00000000d7b80000)
  from space 5120K, 99% used [0x00000000d7b80000,0x00000000d8079728,0x00000000d8080000)
  to   space 5120K, 0% used [0x00000000d8080000,0x00000000d8080000,0x00000000d8580000)
 ParOldGen       total 87552K, used 5951K [0x0000000081000000, 0x0000000086580000, 0x00000000d5b00000)
  object space 87552K, 6% used [0x0000000081000000,0x00000000815cfe98,0x0000000086580000)
 Metaspace       used 18262K, capacity 18550K, committed 18816K, reserved 1064960K
  class space    used 2297K, capacity 2381K, committed 2432K, reserved 1048576K
}

Deoptimization events (10 events):
Event: 2.904 Thread 0x000000001c26d800 Uncommon trap: reason=unstable_if action=reinterpret pc=0x00000000053f6070 method=java.util.HashMap.putVal(ILjava/lang/Object;Ljava/lang/Object;ZZ)Ljava/lang/Object; @ 109
Event: 3.204 Thread 0x000000001c26d800 Uncommon trap: reason=class_check action=maybe_recompile pc=0x00000000053878dc method=java.lang.String.equals(Ljava/lang/Object;)Z @ 8
Event: 3.206 Thread 0x000000001c26d800 Uncommon trap: reason=class_check action=maybe_recompile pc=0x00000000053878dc method=java.lang.String.equals(Ljava/lang/Object;)Z @ 8
Event: 3.206 Thread 0x000000001c26d800 Uncommon trap: reason=class_check action=maybe_recompile pc=0x00000000053878dc method=java.lang.String.equals(Ljava/lang/Object;)Z @ 8
Event: 3.208 Thread 0x000000001c26d800 Uncommon trap: reason=class_check action=maybe_recompile pc=0x00000000053878dc method=java.lang.String.equals(Ljava/lang/Object;)Z @ 8
Event: 3.294 Thread 0x000000001c214800 Uncommon trap: reason=unstable_if action=reinterpret pc=0x000000000568eb24 method=sun.awt.SunToolkit.getAppContext(Ljava/lang/Object;)Lsun/awt/AppContext; @ 4
Event: 3.411 Thread 0x000000001c26d800 Uncommon trap: reason=unstable_if action=reinterpret pc=0x00000000056bb6a8 method=java.awt.MultipleGradientPaintContext.indexIntoGradientsArrays(F)I @ 24
Event: 3.550 Thread 0x000000001c26d800 Uncommon trap: reason=unstable_if action=reinterpret pc=0x0000000005620080 method=java.lang.ref.SoftReference.get()Ljava/lang/Object; @ 17
Event: 3.642 Thread 0x000000001c26d800 Uncommon trap: reason=unstable_if action=reinterpret pc=0x00000000055e1c10 method=javax.swing.JComponent.getClientProperty(Ljava/lang/Object;)Ljava/lang/Object; @ 16
Event: 5.748 Thread 0x000000001c2a0800 Uncommon trap: reason=unstable_if action=reinterpret pc=0x00000000055bd9b4 method=java.lang.String.lastIndexOf([CII[CIII)I @ 66

Internal exceptions (10 events):
Event: 2.170 Thread 0x000000001c26d800 Exception <a 'java/lang/ArrayIndexOutOfBoundsException': 160> (0x00000000d6c062c0) thrown at [C:\re\workspace\8-2-build-windows-amd64-cygwin\jdk8u151\9699\hotspot\src\share\vm\interpreter\interpreterRuntime.cpp, line 366]
Event: 2.174 Thread 0x000000001c26d800 Exception <a 'java/lang/ClassNotFoundException': Model/ClienteCustomizer> (0x00000000d6c0d148) thrown at [C:\re\workspace\8-2-build-windows-amd64-cygwin\jdk8u151\9699\hotspot\src\share\vm\classfile\systemDictionary.cpp, line 210]
Event: 2.195 Thread 0x000000001c26d800 Exception <a 'java/lang/ClassNotFoundException': Model/detalleventaBeanInfo> (0x00000000d6c3c9e0) thrown at [C:\re\workspace\8-2-build-windows-amd64-cygwin\jdk8u151\9699\hotspot\src\share\vm\classfile\systemDictionary.cpp, line 210]
Event: 2.195 Thread 0x000000001c26d800 Exception <a 'java/lang/ClassNotFoundException': Model/detalleventaCustomizer> (0x00000000d6c41778) thrown at [C:\re\workspace\8-2-build-windows-amd64-cygwin\jdk8u151\9699\hotspot\src\share\vm\classfile\systemDictionary.cpp, line 210]
Event: 2.482 Thread 0x000000001c26d800 Exception <a 'java/lang/ClassNotFoundException': Model/Aux_ComprasBeanInfo> (0x00000000d6d2fbb8) thrown at [C:\re\workspace\8-2-build-windows-amd64-cygwin\jdk8u151\9699\hotspot\src\share\vm\classfile\systemDictionary.cpp, line 210]
Event: 2.482 Thread 0x000000001c26d800 Exception <a 'java/lang/ClassNotFoundException': Model/Aux_ComprasCustomizer> (0x00000000d6d34940) thrown at [C:\re\workspace\8-2-build-windows-amd64-cygwin\jdk8u151\9699\hotspot\src\share\vm\classfile\systemDictionary.cpp, line 210]
Event: 2.499 Thread 0x000000001c26d800 Exception <a 'java/lang/ClassNotFoundException': Model/ProveedoresBeanInfo> (0x00000000d6d5f5e8) thrown at [C:\re\workspace\8-2-build-windows-amd64-cygwin\jdk8u151\9699\hotspot\src\share\vm\classfile\systemDictionary.cpp, line 210]
Event: 2.499 Thread 0x000000001c26d800 Exception <a 'java/lang/ClassNotFoundException': Model/ProveedoresCustomizer> (0x00000000d6d64370) thrown at [C:\re\workspace\8-2-build-windows-amd64-cygwin\jdk8u151\9699\hotspot\src\share\vm\classfile\systemDictionary.cpp, line 210]
Event: 3.080 Thread 0x000000001c26d800 Exception <a 'java/io/FileNotFoundException'> (0x00000000d7053428) thrown at [C:\re\workspace\8-2-build-windows-amd64-cygwin\jdk8u151\9699\hotspot\src\share\vm\prims\jni.cpp, line 709]
Event: 3.147 Thread 0x000000001c26d800 Exception <a 'java/io/FileNotFoundException'> (0x00000000d7197398) thrown at [C:\re\workspace\8-2-build-windows-amd64-cygwin\jdk8u151\9699\hotspot\src\share\vm\prims\jni.cpp, line 709]

Events (10 events):
Event: 3.651 loading class java/util/concurrent/locks/LockSupport done
Event: 4.108 loading class java/awt/LightweightDispatcher$2
Event: 4.108 loading class java/awt/LightweightDispatcher$2 done
Event: 4.177 Executing VM operation: EnableBiasedLocking
Event: 4.178 Executing VM operation: EnableBiasedLocking done
Event: 5.748 Thread 0x000000001c2a0800 Uncommon trap: trap_request=0xffffff65 fr.pc=0x00000000055bd9b4
Event: 5.748 Thread 0x000000001c2a0800 DEOPT PACKING pc=0x00000000055bd9b4 sp=0x000000001d59de00
Event: 5.748 Thread 0x000000001c2a0800 DEOPT UNPACKING pc=0x000000000524582a sp=0x000000001d59dd58 mode 2
Event: 7.035 loading class javax/swing/plaf/nimbus/CheckBoxPainter
Event: 7.035 loading class javax/swing/plaf/nimbus/CheckBoxPainter done


Dynamic libraries:
0x00007ff60de60000 - 0x00007ff60de97000 	C:\Program Files\Java\jdk1.8.0_151\bin\java.exe
0x00007ffa672a0000 - 0x00007ffa67480000 	C:\WINDOWS\SYSTEM32\ntdll.dll
0x00007ffa65260000 - 0x00007ffa6530e000 	C:\WINDOWS\System32\KERNEL32.DLL
0x00007ffa63870000 - 0x00007ffa63ad6000 	C:\WINDOWS\System32\KERNELBASE.dll
0x00007ffa671c0000 - 0x00007ffa67261000 	C:\WINDOWS\System32\ADVAPI32.dll
0x00007ffa64f20000 - 0x00007ffa64fbd000 	C:\WINDOWS\System32\msvcrt.dll
0x00007ffa65480000 - 0x00007ffa654db000 	C:\WINDOWS\System32\sechost.dll
0x00007ffa670a0000 - 0x00007ffa671bf000 	C:\WINDOWS\System32\RPCRT4.dll
0x00007ffa64fc0000 - 0x00007ffa6514f000 	C:\WINDOWS\System32\USER32.dll
0x00007ffa63d00000 - 0x00007ffa63d20000 	C:\WINDOWS\System32\win32u.dll
0x00007ffa66e30000 - 0x00007ffa66e58000 	C:\WINDOWS\System32\GDI32.dll
0x00007ffa63ae0000 - 0x00007ffa63c73000 	C:\WINDOWS\System32\gdi32full.dll
0x00007ffa646d0000 - 0x00007ffa6476b000 	C:\WINDOWS\System32\msvcp_win.dll
0x00007ffa63d70000 - 0x00007ffa63e66000 	C:\WINDOWS\System32\ucrtbase.dll
0x00007ffa589f0000 - 0x00007ffa58c59000 	C:\WINDOWS\WinSxS\amd64_microsoft.windows.common-controls_6595b64144ccf1df_6.0.16299.192_none_15c8cdae9364c23b\COMCTL32.dll
0x00007ffa64770000 - 0x00007ffa64a78000 	C:\WINDOWS\System32\combase.dll
0x00007ffa63c80000 - 0x00007ffa63cf2000 	C:\WINDOWS\System32\bcryptPrimitives.dll
0x00007ffa67010000 - 0x00007ffa6703d000 	C:\WINDOWS\System32\IMM32.DLL
0x000000005af00000 - 0x000000005afd2000 	C:\Program Files\Java\jdk1.8.0_151\jre\bin\msvcr100.dll
0x000000005afe0000 - 0x000000005b87d000 	C:\Program Files\Java\jdk1.8.0_151\jre\bin\server\jvm.dll
0x00007ffa654e0000 - 0x00007ffa654e8000 	C:\WINDOWS\System32\PSAPI.DLL
0x00007ffa58cd0000 - 0x00007ffa58cda000 	C:\WINDOWS\SYSTEM32\VERSION.dll
0x00007ffa44260000 - 0x00007ffa44269000 	C:\WINDOWS\SYSTEM32\WSOCK32.dll
0x00007ffa5fdc0000 - 0x00007ffa5fde3000 	C:\WINDOWS\SYSTEM32\WINMM.dll
0x00007ffa65410000 - 0x00007ffa6547c000 	C:\WINDOWS\System32\WS2_32.dll
0x00007ffa5fd90000 - 0x00007ffa5fdba000 	C:\WINDOWS\SYSTEM32\winmmbase.dll
0x00007ffa63d20000 - 0x00007ffa63d6a000 	C:\WINDOWS\System32\cfgmgr32.dll
0x000000005aeb0000 - 0x000000005aebf000 	C:\Program Files\Java\jdk1.8.0_151\jre\bin\verify.dll
0x000000005ae80000 - 0x000000005aea9000 	C:\Program Files\Java\jdk1.8.0_151\jre\bin\java.dll
0x000000005ae60000 - 0x000000005ae76000 	C:\Program Files\Java\jdk1.8.0_151\jre\bin\zip.dll
0x00007ffa655a0000 - 0x00007ffa669d6000 	C:\WINDOWS\System32\SHELL32.dll
0x00007ffa654f0000 - 0x00007ffa65596000 	C:\WINDOWS\System32\shcore.dll
0x00007ffa63f80000 - 0x00007ffa646c7000 	C:\WINDOWS\System32\windows.storage.dll
0x00007ffa67040000 - 0x00007ffa67091000 	C:\WINDOWS\System32\shlwapi.dll
0x00007ffa63610000 - 0x00007ffa63621000 	C:\WINDOWS\System32\kernel.appcore.dll
0x00007ffa63630000 - 0x00007ffa6367c000 	C:\WINDOWS\System32\powrprof.dll
0x00007ffa63680000 - 0x00007ffa6369b000 	C:\WINDOWS\System32\profapi.dll
0x000000005ac80000 - 0x000000005ae18000 	C:\Program Files\Java\jdk1.8.0_151\jre\bin\awt.dll
0x00007ffa64cd0000 - 0x00007ffa64d95000 	C:\WINDOWS\System32\OLEAUT32.dll
0x00007ffa61680000 - 0x00007ffa61708000 	C:\WINDOWS\SYSTEM32\apphelp.dll
0x00007ffa618f0000 - 0x00007ffa61985000 	C:\WINDOWS\system32\uxtheme.dll
0x00007ffa64da0000 - 0x00007ffa64f07000 	C:\WINDOWS\System32\MSCTF.dll
0x00007ffa61bb0000 - 0x00007ffa61bda000 	C:\WINDOWS\system32\dwmapi.dll
0x00007ffa64b00000 - 0x00007ffa64c49000 	C:\WINDOWS\System32\ole32.dll
0x000000005ac30000 - 0x000000005ac77000 	C:\Program Files\Java\jdk1.8.0_151\jre\bin\fontmanager.dll
0x00007ffa34a00000 - 0x00007ffa34b1e000 	C:\WINDOWS\system32\opengl32.dll
0x00007ffa441b0000 - 0x00007ffa441dc000 	C:\WINDOWS\SYSTEM32\GLU32.dll
0x000000005ae40000 - 0x000000005ae5a000 	C:\Program Files\Java\jdk1.8.0_151\jre\bin\net.dll
0x00007ffa62e80000 - 0x00007ffa62ee6000 	C:\WINDOWS\system32\mswsock.dll
0x00007ffa62c50000 - 0x00007ffa62d06000 	C:\WINDOWS\SYSTEM32\DNSAPI.dll
0x00007ffa66e60000 - 0x00007ffa66e68000 	C:\WINDOWS\System32\NSI.dll
0x00007ffa62c10000 - 0x00007ffa62c49000 	C:\WINDOWS\SYSTEM32\IPHLPAPI.DLL
0x000000005c3d0000 - 0x000000005c3f6000 	C:\Program Files\Bonjour\mdnsNSP.dll
0x0000000063560000 - 0x0000000063569000 	C:\Program Files\National Instruments\Shared\mDNS Responder\nimdnsNSP.dll
0x0000000063550000 - 0x000000006355e000 	C:\WINDOWS\SYSTEM32\nimdnsResponder.dll
0x000000005c400000 - 0x000000005c4a3000 	C:\WINDOWS\WinSxS\amd64_microsoft.vc90.crt_1fc8b3b9a1e18e3b_9.0.30729.9317_none_08e0939fa840d57b\MSVCR90.dll
0x00007ffa58360000 - 0x00007ffa5836a000 	C:\Windows\System32\rasadhlp.dll
0x00007ffa58220000 - 0x00007ffa58290000 	C:\WINDOWS\System32\fwpuclnt.dll
0x00007ffa63150000 - 0x00007ffa63175000 	C:\WINDOWS\SYSTEM32\bcrypt.dll
0x000000005ae20000 - 0x000000005ae31000 	C:\Program Files\Java\jdk1.8.0_151\jre\bin\nio.dll
0x000000005abe0000 - 0x000000005ac22000 	C:\Program Files\Java\jdk1.8.0_151\jre\bin\t2k.dll
0x00007ffa65310000 - 0x00007ffa653ae000 	C:\WINDOWS\System32\clbcatq.dll
0x00007ffa5ee90000 - 0x00007ffa5f03b000 	C:\WINDOWS\SYSTEM32\WindowsCodecs.dll
0x00007ffa5cac0000 - 0x00007ffa5cb0f000 	C:\WINDOWS\system32\dataexchange.dll
0x00007ffa607c0000 - 0x00007ffa60aa1000 	C:\WINDOWS\system32\d3d11.dll
0x00007ffa61150000 - 0x00007ffa61292000 	C:\WINDOWS\system32\dcomp.dll
0x00007ffa62460000 - 0x00007ffa6250f000 	C:\WINDOWS\system32\dxgi.dll
0x00007ffa61d30000 - 0x00007ffa61eab000 	C:\WINDOWS\system32\twinapi.appcore.dll
0x00007ffa61ca0000 - 0x00007ffa61cc0000 	C:\WINDOWS\system32\RMCLIENT.dll
0x00007ffa56eb0000 - 0x00007ffa56f48000 	C:\WINDOWS\System32\TextInputFramework.dll
0x00007ffa5e970000 - 0x00007ffa5ec5e000 	C:\WINDOWS\System32\CoreUIComponents.dll
0x00007ffa60ab0000 - 0x00007ffa60b8c000 	C:\WINDOWS\System32\CoreMessaging.dll
0x00007ffa62730000 - 0x00007ffa62761000 	C:\WINDOWS\SYSTEM32\ntmarta.dll
0x00007ffa5f2c0000 - 0x00007ffa5f3f6000 	C:\WINDOWS\SYSTEM32\wintypes.dll
0x000000005aba0000 - 0x000000005abca000 	C:\Program Files\Java\jdk1.8.0_151\jre\bin\dcpr.dll

VM Arguments:
jvm_args: -Dfile.encoding=UTF-8 
java_command: mypuntodeventa.View
java_class_path (initial): C:\Users\JOSE\Documents\Escuela\6. Sexto semestre\Estructura de datos\Unidad 3\MyPuntoDeVenta\Libraries\mysql-connector-java-5.1.46-bin.jar;C:\Users\JOSE\Documents\Escuela\6. Sexto semestre\Estructura de datos\Unidad 3\MyPuntoDeVenta\Libraries\mysql-connector-java-5.1.46.jar;C:\Users\JOSE\Documents\Escuela\6. Sexto semestre\Estructura de datos\Unidad 3\MyPuntoDeVenta\commons-dbutils-1.6-javadoc.jar;C:\Users\JOSE\Documents\Escuela\6. Sexto semestre\Estructura de datos\Unidad 3\MyPuntoDeVenta\commons-dbutils-1.6-sources.jar;C:\Users\JOSE\Documents\Escuela\6. Sexto semestre\Estructura de datos\Unidad 3\MyPuntoDeVenta\commons-dbutils-1.6-test-sources.jar;C:\Users\JOSE\Documents\Escuela\6. Sexto semestre\Estructura de datos\Unidad 3\MyPuntoDeVenta\commons-dbutils-1.6-tests.jar;C:\Users\JOSE\Documents\Escuela\6. Sexto semestre\Estructura de datos\Unidad 3\MyPuntoDeVenta\commons-dbutils-1.6.jar;C:\Users\JOSE\Documents\Escuela\6. Sexto semestre\Estructura de datos\Unidad 3\MyPuntoDeVenta\Libraries\AutoCompleter.jar;C:\Users\JOSE\Documents\Escuela\6. Sexto semestre\Estructura de datos\Unidad 3\MyPuntoDeVenta\build\classes
Launcher Type: SUN_STANDARD

Environment Variables:
PATH=C:\ProgramData\Oracle\Java\javapath C:\Program Files\Java\jdk1.8.0_151\bin;C:\Windows\System32;C:\Windows;C:\Windows\System32\wbem;C:\Windows\System32\WindowsPowerShell\v1.0\;C:\Program Files\Hewlett-Packard\SimplePass\;C:\Program Files (x86)\PICC;C:\Program Files (x86)\Microchip\MPLAB C32 Suite\bin;C:\Program Files\MATLAB\MATLAB Production Server\R2015a\runtime\win64;C:\Program Files\MATLAB\MATLAB Production Server\R2015a\bin;C:\Program Files\MATLAB\MATLAB Production Server\R2015a\polyspace\bin;C:\Program Files\Microsoft SQL Server\Client SDK\ODBC\110\Tools\Binn\;C:\Program Files (x86)\Microsoft SQL Server\120\Tools\Binn\;C:\Program Files\Microsoft SQL Server\120\Tools\Binn\;C:\Program Files\Microsoft SQL Server\120\DTS\Binn\;C:\Program Files (x86)\Windows Kits\8.1\Windows Performance Toolkit\;C:\Program Files (x86)\Windows Live\Shared;C:\Program Files\Microsoft\Web Platform Installer\;C:\Program Files (x86)\Microsoft ASP.NET\ASP.NET Web Pages\v1.0\;C:\Program Files (x86)\Windows Kits\8.0\Windows Performance Toolkit\;C:\Program Files\Microsoft SQL Server\110\Tools\Binn\;C:\Program Files\MATLAB\MATLAB Runtime\v85\runtime\win64;C:\Aldec\Active-HDL-Student-Edition\bin;C:\Program Files\Git\cmd;C:\Program Files\MySQL\MySQL Utilities 1.6\;C:\Program Files\MySQL\MySQL Server 5.7\bin\;C:\cygwin64\bin;C:\cygwin64\lib;C:\Program Files (x86)\Microsoft SQL Server\Client SDK\ODBC\130\Tools\Binn\;C:\Program Files (x86)\Microsoft SQL Server\140\Tools\Binn\;C:\Program Files (x86)\Microsoft SQL Server\140\DTS\Binn\;C:\Program Files (x86)\Microsoft SQL Server\140\Tools\Binn\ManagementStudio\;C:\Program Files\Java\jdk1.8.0_151\bin;C:\Program Files\Microsoft VS Code\bin;C:\Users\JOSE\AppData\Local\Microsoft\WindowsApps;
USERNAME=JOSE
OS=Windows_NT
PROCESSOR_IDENTIFIER=Intel64 Family 6 Model 69 Stepping 1, GenuineIntel



---------------  S Y S T E M  ---------------

OS: Windows 10.0 , 64 bit Build 16299 (10.0.16299.15)

CPU:total 4 (initial active 4) (2 cores per cpu, 2 threads per core) family 6 model 69 stepping 1, cmov, cx8, fxsr, mmx, sse, sse2, sse3, ssse3, sse4.1, sse4.2, popcnt, avx, avx2, aes, clmul, erms, lzcnt, ht, tsc, tscinvbit, bmi1, bmi2

Memory: 4k page, physical 8318808k(968272k free), swap 8318808k(5120k free)

vm_info: Java HotSpot(TM) 64-Bit Server VM (25.151-b12) for windows-amd64 JRE (1.8.0_151-b12), built on Sep  5 2017 19:33:46 by "java_re" with MS VC++ 10.0 (VS2010)

time: Wed May 09 17:34:35 2018
elapsed time: 7 seconds (0d 0h 0m 7s)

