#
# There is insufficient memory for the Java Runtime Environment to continue.
# Native memory allocation (malloc) failed to allocate 1048576 bytes for AllocateHeap
# Possible reasons:
#   The system is out of physical RAM or swap space
#   In 32 bit mode, the process size limit was hit
# Possible solutions:
#   Reduce memory load on the system
#   Increase physical memory or swap space
#   Check if swap backing store is full
#   Use 64 bit Java on a 64 bit OS
#   Decrease Java heap size (-Xmx/-Xms)
#   Decrease number of Java threads
#   Decrease Java thread stack sizes (-Xss)
#   Set larger code cache with -XX:ReservedCodeCacheSize=
# This output file may be truncated or incomplete.
#
#  Out of Memory Error (memory/allocation.inline.hpp:61), pid=13016, tid=0x0000000000003768
#
# JRE version:  (8.0_151-b12) (build )
# Java VM: Java HotSpot(TM) 64-Bit Server VM (25.151-b12 mixed mode windows-amd64 compressed oops)
# Failed to write core dump. Minidumps are not enabled by default on client versions of Windows
#

---------------  T H R E A D  ---------------

Current thread (0x0000000004aee000):  JavaThread "Unknown thread" [_thread_in_vm, id=14184, stack(0x0000000004af0000,0x0000000004bf0000)]

Stack: [0x0000000004af0000,0x0000000004bf0000]
[error occurred during error reporting (printing stack bounds), id 0xc0000005]

Native frames: (J=compiled Java code, j=interpreted, Vv=VM code, C=native code)


---------------  P R O C E S S  ---------------

Java Threads: ( => current thread )

Other Threads:

=>0x0000000004aee000 (exited) JavaThread "Unknown thread" [_thread_in_vm, id=14184, stack(0x0000000004af0000,0x0000000004bf0000)]

VM state:not at safepoint (normal execution)

VM Mutex/Monitor currently owned by a thread: None

Heap:
 PSYoungGen      total 38400K, used 665K [0x00000000d5b00000, 0x00000000d8580000, 0x0000000100000000)
  eden space 33280K, 2% used [0x00000000d5b00000,0x00000000d5ba6670,0x00000000d7b80000)
  from space 5120K, 0% used [0x00000000d8080000,0x00000000d8080000,0x00000000d8580000)
  to   space 5120K, 0% used [0x00000000d7b80000,0x00000000d7b80000,0x00000000d8080000)
 ParOldGen       total 87552K, used 0K [0x0000000081000000, 0x0000000086580000, 0x00000000d5b00000)
  object space 87552K, 0% used [0x0000000081000000,0x0000000081000000,0x0000000086580000)
 Metaspace       used 770K, capacity 4480K, committed 4480K, reserved 1056768K
  class space    used 75K, capacity 384K, committed 384K, reserved 1048576K

Card table byte_map: [0x00000000140b0000,0x00000000144b0000] byte_map_base: 0x0000000013ca8000

Marking Bits: (ParMarkBitMap*) 0x000000006ba4d850
 Begin Bits: [0x0000000014b60000, 0x0000000016b20000)
 End Bits:   [0x0000000016b20000, 0x0000000018ae0000)

Polling page: 0x0000000002eb0000

CodeCache: size=245760Kb used=328Kb max_used=328Kb free=245431Kb
 bounds [0x0000000004cf0000, 0x0000000004f60000, 0x0000000013cf0000]
 total_blobs=58 nmethods=0 adapters=38
 compilation: enabled

Compilation events (0 events):
No events

GC Heap History (0 events):
No events

Deoptimization events (0 events):
No events

Internal exceptions (0 events):
No events

Events (10 events):
Event: 0.045 loading class java/lang/Short
Event: 0.045 loading class java/lang/Short done
Event: 0.045 loading class java/lang/Integer
Event: 0.045 loading class java/lang/Integer done
Event: 0.045 loading class java/lang/Long
Event: 0.045 loading class java/lang/Long done
Event: 0.046 loading class java/lang/NullPointerException
Event: 0.046 loading class java/lang/NullPointerException done
Event: 0.046 loading class java/lang/ArithmeticException
Event: 0.046 loading class java/lang/ArithmeticException done


Dynamic libraries:
0x00007ff637db0000 - 0x00007ff637de7000 	C:\Program Files\Java\jdk1.8.0_151\bin\java.exe
0x00007ffa9a460000 - 0x00007ffa9a640000 	C:\WINDOWS\SYSTEM32\ntdll.dll
0x00007ffa97990000 - 0x00007ffa97a3e000 	C:\WINDOWS\System32\KERNEL32.DLL
0x00007ffa96860000 - 0x00007ffa96ac6000 	C:\WINDOWS\System32\KERNELBASE.dll
0x00007ffa985e0000 - 0x00007ffa98681000 	C:\WINDOWS\System32\ADVAPI32.dll
0x00007ffa98a20000 - 0x00007ffa98abd000 	C:\WINDOWS\System32\msvcrt.dll
0x00007ffa98320000 - 0x00007ffa9837b000 	C:\WINDOWS\System32\sechost.dll
0x00007ffa97e70000 - 0x00007ffa97f8f000 	C:\WINDOWS\System32\RPCRT4.dll
0x00007ffa98710000 - 0x00007ffa9889f000 	C:\WINDOWS\System32\USER32.dll
0x00007ffa96ef0000 - 0x00007ffa96f10000 	C:\WINDOWS\System32\win32u.dll
0x00007ffa97f90000 - 0x00007ffa97fb8000 	C:\WINDOWS\System32\GDI32.dll
0x00007ffa96d00000 - 0x00007ffa96e93000 	C:\WINDOWS\System32\gdi32full.dll
0x00007ffa96c60000 - 0x00007ffa96cfb000 	C:\WINDOWS\System32\msvcp_win.dll
0x00007ffa970e0000 - 0x00007ffa971d6000 	C:\WINDOWS\System32\ucrtbase.dll
0x00007ffa8c230000 - 0x00007ffa8c499000 	C:\WINDOWS\WinSxS\amd64_microsoft.windows.common-controls_6595b64144ccf1df_6.0.16299.192_none_15c8cdae9364c23b\COMCTL32.dll
0x00007ffa97a40000 - 0x00007ffa97d48000 	C:\WINDOWS\System32\combase.dll
0x00007ffa96be0000 - 0x00007ffa96c52000 	C:\WINDOWS\System32\bcryptPrimitives.dll
0x00007ffa98590000 - 0x00007ffa985bd000 	C:\WINDOWS\System32\IMM32.DLL
0x000000006b150000 - 0x000000006b222000 	C:\Program Files\Java\jdk1.8.0_151\jre\bin\msvcr100.dll
0x000000006b230000 - 0x000000006bacd000 	C:\Program Files\Java\jdk1.8.0_151\jre\bin\server\jvm.dll
0x00007ffa98110000 - 0x00007ffa98118000 	C:\WINDOWS\System32\PSAPI.DLL
0x00007ffa86300000 - 0x00007ffa86309000 	C:\WINDOWS\SYSTEM32\WSOCK32.dll
0x00007ffa9a3c0000 - 0x00007ffa9a42c000 	C:\WINDOWS\System32\WS2_32.dll
0x00007ffa932f0000 - 0x00007ffa93313000 	C:\WINDOWS\SYSTEM32\WINMM.dll
0x00007ffa86ec0000 - 0x00007ffa86eca000 	C:\WINDOWS\SYSTEM32\VERSION.dll
0x00007ffa93290000 - 0x00007ffa932ba000 	C:\WINDOWS\SYSTEM32\WINMMBASE.dll
0x00007ffa96ea0000 - 0x00007ffa96eea000 	C:\WINDOWS\System32\cfgmgr32.dll
0x000000006b100000 - 0x000000006b10f000 	C:\Program Files\Java\jdk1.8.0_151\jre\bin\verify.dll
0x000000006b0d0000 - 0x000000006b0f9000 	C:\Program Files\Java\jdk1.8.0_151\jre\bin\java.dll
0x000000006b0b0000 - 0x000000006b0c6000 	C:\Program Files\Java\jdk1.8.0_151\jre\bin\zip.dll

VM Arguments:
jvm_args: -Dfile.encoding=UTF-8 
java_command: mypuntodeventa.View
java_class_path (initial): C:\Users\JOSE\Documents\Escuela\6. Sexto semestre\Estructura de datos\Unidad 3\MyPuntoDeVenta\Libraries\mysql-connector-java-5.1.46-bin.jar;C:\Users\JOSE\Documents\Escuela\6. Sexto semestre\Estructura de datos\Unidad 3\MyPuntoDeVenta\Libraries\mysql-connector-java-5.1.46.jar;C:\Users\JOSE\Documents\Escuela\6. Sexto semestre\Estructura de datos\Unidad 3\MyPuntoDeVenta\commons-dbutils-1.6-javadoc.jar;C:\Users\JOSE\Documents\Escuela\6. Sexto semestre\Estructura de datos\Unidad 3\MyPuntoDeVenta\commons-dbutils-1.6-sources.jar;C:\Users\JOSE\Documents\Escuela\6. Sexto semestre\Estructura de datos\Unidad 3\MyPuntoDeVenta\commons-dbutils-1.6-test-sources.jar;C:\Users\JOSE\Documents\Escuela\6. Sexto semestre\Estructura de datos\Unidad 3\MyPuntoDeVenta\commons-dbutils-1.6-tests.jar;C:\Users\JOSE\Documents\Escuela\6. Sexto semestre\Estructura de datos\Unidad 3\MyPuntoDeVenta\commons-dbutils-1.6.jar;C:\Users\JOSE\Documents\Escuela\6. Sexto semestre\Estructura de datos\Unidad 3\MyPuntoDeVenta\build\classes
Launcher Type: SUN_STANDARD

Environment Variables:
PATH=C:\ProgramData\Oracle\Java\javapath C:\Program Files\Java\jdk1.8.0_151\bin;C:\Windows\System32;C:\Windows;C:\Windows\System32\wbem;C:\Windows\System32\WindowsPowerShell\v1.0\;C:\Program Files\Hewlett-Packard\SimplePass\;C:\Program Files (x86)\PICC;C:\Program Files (x86)\Microchip\MPLAB C32 Suite\bin;C:\Program Files\MATLAB\MATLAB Production Server\R2015a\runtime\win64;C:\Program Files\MATLAB\MATLAB Production Server\R2015a\bin;C:\Program Files\MATLAB\MATLAB Production Server\R2015a\polyspace\bin;C:\Program Files\Microsoft SQL Server\Client SDK\ODBC\110\Tools\Binn\;C:\Program Files (x86)\Microsoft SQL Server\120\Tools\Binn\;C:\Program Files\Microsoft SQL Server\120\Tools\Binn\;C:\Program Files\Microsoft SQL Server\120\DTS\Binn\;C:\Program Files (x86)\Windows Kits\8.1\Windows Performance Toolkit\;C:\Program Files (x86)\Windows Live\Shared;C:\Program Files\Microsoft\Web Platform Installer\;C:\Program Files (x86)\Microsoft ASP.NET\ASP.NET Web Pages\v1.0\;C:\Program Files (x86)\Windows Kits\8.0\Windows Performance Toolkit\;C:\Program Files\Microsoft SQL Server\110\Tools\Binn\;C:\Program Files\MATLAB\MATLAB Runtime\v85\runtime\win64;C:\Aldec\Active-HDL-Student-Edition\bin;C:\Program Files\Git\cmd;C:\Program Files\MySQL\MySQL Utilities 1.6\;C:\Program Files\MySQL\MySQL Server 5.7\bin\;C:\cygwin64\bin;C:\cygwin64\lib;C:\Program Files\Java\jdk1.8.0_151\bin;C:\Program Files\Microsoft VS Code\bin;C:\Users\JOSE\AppData\Local\Microsoft\WindowsApps;
USERNAME=JOSE
OS=Windows_NT
PROCESSOR_IDENTIFIER=Intel64 Family 6 Model 69 Stepping 1, GenuineIntel



---------------  S Y S T E M  ---------------

OS: Windows 10.0 , 64 bit Build 16299 (10.0.16299.15)

CPU:total 4 (initial active 4) (2 cores per cpu, 2 threads per core) family 6 model 69 stepping 1, cmov, cx8, fxsr, mmx, sse, sse2, sse3, ssse3, sse4.1, sse4.2, popcnt, avx, avx2, aes, clmul, erms, lzcnt, ht, tsc, tscinvbit, bmi1, bmi2

Memory: 4k page, physical 8318808k(1363688k free), swap 8318808k(5416k free)

vm_info: Java HotSpot(TM) 64-Bit Server VM (25.151-b12) for windows-amd64 JRE (1.8.0_151-b12), built on Sep  5 2017 19:33:46 by "java_re" with MS VC++ 10.0 (VS2010)

time: Sun Apr 22 16:20:09 2018
elapsed time: 0 seconds (0d 0h 0m 0s)

