#
# There is insufficient memory for the Java Runtime Environment to continue.
# Native memory allocation (malloc) failed to allocate 32744 bytes for ChunkPool::allocate
# Possible reasons:
#   The system is out of physical RAM or swap space
#   In 32 bit mode, the process size limit was hit
# Possible solutions:
#   Reduce memory load on the system
#   Increase physical memory or swap space
#   Check if swap backing store is full
#   Use 64 bit Java on a 64 bit OS
#   Decrease Java heap size (-Xmx/-Xms)
#   Decrease number of Java threads
#   Decrease Java thread stack sizes (-Xss)
#   Set larger code cache with -XX:ReservedCodeCacheSize=
# This output file may be truncated or incomplete.
#
#  Out of Memory Error (allocation.cpp:273), pid=13184, tid=0x000000000000373c
#
# JRE version: Java(TM) SE Runtime Environment (8.0_151-b12) (build 1.8.0_151-b12)
# Java VM: Java HotSpot(TM) 64-Bit Server VM (25.151-b12 mixed mode windows-amd64 compressed oops)
# Failed to write core dump. Minidumps are not enabled by default on client versions of Windows
#

---------------  T H R E A D  ---------------

Current thread (0x00000000194a3000):  JavaThread "C2 CompilerThread1" daemon [_thread_in_native, id=14140, stack(0x000000001ad10000,0x000000001ae10000)]

Stack: [0x000000001ad10000,0x000000001ae10000]
[error occurred during error reporting (printing stack bounds), id 0xc0000005]

Native frames: (J=compiled Java code, j=interpreted, Vv=VM code, C=native code)


Current CompileTask:
C2: 235357 1777       4       javax.swing.plaf.nimbus.NimbusStyle::validate (1178 bytes)


---------------  P R O C E S S  ---------------

Java Threads: ( => current thread )
  0x000000001b9a8000 JavaThread "Abandoned connection cleanup thread" daemon [_thread_blocked, id=2288, stack(0x000000001cc00000,0x000000001cd00000)]
  0x000000000057e000 JavaThread "DestroyJavaVM" [_thread_blocked, id=18980, stack(0x0000000004710000,0x0000000004810000)]
  0x000000001b972800 JavaThread "AWT-EventQueue-0" [_thread_blocked, id=6976, stack(0x000000001c900000,0x000000001ca00000)]
  0x000000001b918000 JavaThread "AWT-Windows" daemon [_thread_in_native, id=9732, stack(0x000000001c2c0000,0x000000001c3c0000)]
  0x000000001b30d000 JavaThread "AWT-Shutdown" [_thread_blocked, id=1352, stack(0x000000001c1c0000,0x000000001c2c0000)]
  0x000000001b915800 JavaThread "Java2D Disposer" daemon [_thread_blocked, id=17548, stack(0x000000001c0c0000,0x000000001c1c0000)]
  0x000000001af44000 JavaThread "Service Thread" daemon [_thread_blocked, id=15492, stack(0x000000001b310000,0x000000001b410000)]
  0x00000000194a6000 JavaThread "C1 CompilerThread2" daemon [_thread_in_native, id=7352, stack(0x000000001ae10000,0x000000001af10000)]
=>0x00000000194a3000 JavaThread "C2 CompilerThread1" daemon [_thread_in_native, id=14140, stack(0x000000001ad10000,0x000000001ae10000)]
  0x00000000194a1000 JavaThread "C2 CompilerThread0" daemon [_thread_in_vm, id=17836, stack(0x000000001ac10000,0x000000001ad10000)]
  0x000000001949f000 JavaThread "Attach Listener" daemon [_thread_blocked, id=17860, stack(0x000000001ab10000,0x000000001ac10000)]
  0x000000001949d800 JavaThread "Signal Dispatcher" daemon [_thread_blocked, id=4748, stack(0x000000001aa10000,0x000000001ab10000)]
  0x000000000490b000 JavaThread "Finalizer" daemon [_thread_blocked, id=18708, stack(0x000000001a700000,0x000000001a800000)]
  0x0000000004902000 JavaThread "Reference Handler" daemon [_thread_blocked, id=11176, stack(0x000000001a600000,0x000000001a700000)]

Other Threads:
  0x0000000019467000 VMThread [stack: 0x000000001a500000,0x000000001a600000] [id=848]
  0x000000001af6a800 WatcherThread [stack: 0x000000001b410000,0x000000001b510000] [id=14572]

VM state:synchronizing (normal execution)

VM Mutex/Monitor currently owned by a thread:  ([mutex/lock_event])
[0x000000000057d930] Threads_lock - owner thread: 0x0000000019467000

Heap:
 PSYoungGen      total 38400K, used 15761K [0x00000000d5b00000, 0x00000000d8580000, 0x0000000100000000)
  eden space 33280K, 31% used [0x00000000d5b00000,0x00000000d6564af0,0x00000000d7b80000)
  from space 5120K, 99% used [0x00000000d7b80000,0x00000000d807f910,0x00000000d8080000)
  to   space 5120K, 0% used [0x00000000d8080000,0x00000000d8080000,0x00000000d8580000)
 ParOldGen       total 87552K, used 5475K [0x0000000081000000, 0x0000000086580000, 0x00000000d5b00000)
  object space 87552K, 6% used [0x0000000081000000,0x0000000081558d20,0x0000000086580000)
 Metaspace       used 18402K, capacity 18674K, committed 18816K, reserved 1064960K
  class space    used 2291K, capacity 2392K, committed 2432K, reserved 1048576K

Card table byte_map: [0x0000000013cd0000,0x00000000140d0000] byte_map_base: 0x00000000138c8000

Marking Bits: (ParMarkBitMap*) 0x000000006fdcd850
 Begin Bits: [0x0000000014780000, 0x0000000016740000)
 End Bits:   [0x0000000016740000, 0x0000000018700000)

Polling page: 0x0000000002ac0000

CodeCache: size=245760Kb used=5584Kb max_used=5584Kb free=240175Kb
 bounds [0x0000000004910000, 0x0000000004e90000, 0x0000000013910000]
 total_blobs=2359 nmethods=1771 adapters=498
 compilation: enabled

Compilation events (10 events):
Event: 234.841 Thread 0x00000000194a6000 1787       3       java.util.concurrent.locks.ReentrantReadWriteLock$Sync::exclusiveCount (5 bytes)
Event: 234.841 Thread 0x00000000194a6000 nmethod 1787 0x0000000004a1ebd0 code [0x0000000004a1ed20, 0x0000000004a1ee50]
Event: 234.841 Thread 0x00000000194a6000 1788       3       sun.awt.image.BufImgSurfaceData::getBounds (22 bytes)
Event: 234.842 Thread 0x00000000194a6000 nmethod 1788 0x0000000004a1d010 code [0x0000000004a1d1a0, 0x0000000004a1d750]
Event: 234.842 Thread 0x00000000194a6000 1789       3       java.awt.Rectangle::<init> (9 bytes)
Event: 234.842 Thread 0x00000000194a6000 nmethod 1789 0x0000000004e838d0 code [0x0000000004e83a40, 0x0000000004e83d30]
Event: 234.842 Thread 0x00000000194a6000 1793       3       javax.swing.plaf.nimbus.AbstractRegionPainter::decodeColor (14 bytes)
Event: 234.843 Thread 0x00000000194a6000 nmethod 1793 0x0000000004e83310 code [0x0000000004e83480, 0x0000000004e83788]
Event: 234.843 Thread 0x00000000194a6000 1794       3       javax.swing.plaf.nimbus.NimbusLookAndFeel::deriveARGB (123 bytes)
Event: 234.849 Thread 0x00000000194a1000 1806       4       javax.swing.JComponent::getFlag (20 bytes)

GC Heap History (2 events):
Event: 5.667 GC heap before
{Heap before GC invocations=1 (full 0):
 PSYoungGen      total 38400K, used 30619K [0x00000000d5b00000, 0x00000000d8580000, 0x0000000100000000)
  eden space 33280K, 92% used [0x00000000d5b00000,0x00000000d78e6dd8,0x00000000d7b80000)
  from space 5120K, 0% used [0x00000000d8080000,0x00000000d8080000,0x00000000d8580000)
  to   space 5120K, 0% used [0x00000000d7b80000,0x00000000d7b80000,0x00000000d8080000)
 ParOldGen       total 87552K, used 0K [0x0000000081000000, 0x0000000086580000, 0x00000000d5b00000)
  object space 87552K, 0% used [0x0000000081000000,0x0000000081000000,0x0000000086580000)
 Metaspace       used 18219K, capacity 18482K, committed 18560K, reserved 1064960K
  class space    used 2288K, capacity 2392K, committed 2432K, reserved 1048576K
Event: 5.721 GC heap after
Heap after GC invocations=1 (full 0):
 PSYoungGen      total 38400K, used 5118K [0x00000000d5b00000, 0x00000000d8580000, 0x0000000100000000)
  eden space 33280K, 0% used [0x00000000d5b00000,0x00000000d5b00000,0x00000000d7b80000)
  from space 5120K, 99% used [0x00000000d7b80000,0x00000000d807f910,0x00000000d8080000)
  to   space 5120K, 0% used [0x00000000d8080000,0x00000000d8080000,0x00000000d8580000)
 ParOldGen       total 87552K, used 5475K [0x0000000081000000, 0x0000000086580000, 0x00000000d5b00000)
  object space 87552K, 6% used [0x0000000081000000,0x0000000081558d20,0x0000000086580000)
 Metaspace       used 18219K, capacity 18482K, committed 18560K, reserved 1064960K
  class space    used 2288K, capacity 2392K, committed 2432K, reserved 1048576K
}

Deoptimization events (10 events):
Event: 2.456 Thread 0x000000001b972800 Uncommon trap: reason=unstable_if action=reinterpret pc=0x0000000004b4ccb4 method=java.util.HashMap.putVal(ILjava/lang/Object;Ljava/lang/Object;ZZ)Ljava/lang/Object; @ 109
Event: 2.890 Thread 0x000000001b972800 Uncommon trap: reason=unstable_if action=reinterpret pc=0x0000000004b1a6b0 method=java.util.HashMap.putVal(ILjava/lang/Object;Ljava/lang/Object;ZZ)Ljava/lang/Object; @ 109
Event: 3.193 Thread 0x000000001b972800 Uncommon trap: reason=class_check action=maybe_recompile pc=0x0000000004a9d1dc method=java.lang.String.equals(Ljava/lang/Object;)Z @ 8
Event: 3.195 Thread 0x000000001b972800 Uncommon trap: reason=class_check action=maybe_recompile pc=0x0000000004a9d1dc method=java.lang.String.equals(Ljava/lang/Object;)Z @ 8
Event: 3.195 Thread 0x000000001b972800 Uncommon trap: reason=class_check action=maybe_recompile pc=0x0000000004a9d1dc method=java.lang.String.equals(Ljava/lang/Object;)Z @ 8
Event: 3.195 Thread 0x000000001b972800 Uncommon trap: reason=class_check action=maybe_recompile pc=0x0000000004a9d1dc method=java.lang.String.equals(Ljava/lang/Object;)Z @ 8
Event: 3.473 Thread 0x000000001b972800 Uncommon trap: reason=unstable_if action=reinterpret pc=0x0000000004dcb768 method=java.awt.MultipleGradientPaintContext.indexIntoGradientsArrays(F)I @ 24
Event: 5.649 Thread 0x000000001b972800 Uncommon trap: reason=unstable_if action=reinterpret pc=0x0000000004db9864 method=sun.awt.SunToolkit.getAppContext(Ljava/lang/Object;)Lsun/awt/AppContext; @ 4
Event: 5.737 Thread 0x000000001b972800 Uncommon trap: reason=unstable_if action=reinterpret pc=0x0000000004d1ba80 method=java.lang.ref.SoftReference.get()Ljava/lang/Object; @ 17
Event: 5.850 Thread 0x000000001b972800 Uncommon trap: reason=unstable_if action=reinterpret pc=0x0000000004cf41d0 method=javax.swing.JComponent.getClientProperty(Ljava/lang/Object;)Ljava/lang/Object; @ 16

Internal exceptions (10 events):
Event: 2.625 Thread 0x000000001b972800 Exception <a 'java/lang/ArrayIndexOutOfBoundsException': 18> (0x00000000d6ca62a8) thrown at [C:\re\workspace\8-2-build-windows-amd64-cygwin\jdk8u151\9699\hotspot\src\share\vm\interpreter\interpreterRuntime.cpp, line 366]
Event: 2.627 Thread 0x000000001b972800 Exception <a 'java/lang/ArrayIndexOutOfBoundsException': 22> (0x00000000d6ca9608) thrown at [C:\re\workspace\8-2-build-windows-amd64-cygwin\jdk8u151\9699\hotspot\src\share\vm\interpreter\interpreterRuntime.cpp, line 366]
Event: 2.628 Thread 0x000000001b972800 Exception <a 'java/lang/ArrayIndexOutOfBoundsException': 160> (0x00000000d6cab9e0) thrown at [C:\re\workspace\8-2-build-windows-amd64-cygwin\jdk8u151\9699\hotspot\src\share\vm\interpreter\interpreterRuntime.cpp, line 366]
Event: 2.632 Thread 0x000000001b972800 Exception <a 'java/lang/ClassNotFoundException': Model/ClienteCustomizer> (0x00000000d6cb2868) thrown at [C:\re\workspace\8-2-build-windows-amd64-cygwin\jdk8u151\9699\hotspot\src\share\vm\classfile\systemDictionary.cpp, line 210]
Event: 2.648 Thread 0x000000001b972800 Exception <a 'java/lang/ClassNotFoundException': Model/detalleventaBeanInfo> (0x00000000d6ce5220) thrown at [C:\re\workspace\8-2-build-windows-amd64-cygwin\jdk8u151\9699\hotspot\src\share\vm\classfile\systemDictionary.cpp, line 210]
Event: 2.649 Thread 0x000000001b972800 Exception <a 'java/lang/ClassNotFoundException': Model/detalleventaCustomizer> (0x00000000d6ce9fb8) thrown at [C:\re\workspace\8-2-build-windows-amd64-cygwin\jdk8u151\9699\hotspot\src\share\vm\classfile\systemDictionary.cpp, line 210]
Event: 2.740 Thread 0x000000001b972800 Exception <a 'java/lang/ClassNotFoundException': Model/ProveedoresBeanInfo> (0x00000000d6de4a78) thrown at [C:\re\workspace\8-2-build-windows-amd64-cygwin\jdk8u151\9699\hotspot\src\share\vm\classfile\systemDictionary.cpp, line 210]
Event: 2.741 Thread 0x000000001b972800 Exception <a 'java/lang/ClassNotFoundException': Model/ProveedoresCustomizer> (0x00000000d6de9800) thrown at [C:\re\workspace\8-2-build-windows-amd64-cygwin\jdk8u151\9699\hotspot\src\share\vm\classfile\systemDictionary.cpp, line 210]
Event: 3.060 Thread 0x000000001b972800 Exception <a 'java/io/FileNotFoundException'> (0x00000000d704e920) thrown at [C:\re\workspace\8-2-build-windows-amd64-cygwin\jdk8u151\9699\hotspot\src\share\vm\prims\jni.cpp, line 709]
Event: 3.135 Thread 0x000000001b972800 Exception <a 'java/io/FileNotFoundException'> (0x00000000d7193d40) thrown at [C:\re\workspace\8-2-build-windows-amd64-cygwin\jdk8u151\9699\hotspot\src\share\vm\prims\jni.cpp, line 709]

Events (10 events):
Event: 7.829 Thread 0x000000001baa5000 Thread exited: 0x000000001baa5000
Event: 230.957 Thread 0x00000000194a6000 flushing nmethod 0x0000000004a0f810
Event: 230.957 Thread 0x00000000194a6000 flushing nmethod 0x0000000004a10590
Event: 230.957 Thread 0x00000000194a6000 flushing nmethod 0x0000000004a11a10
Event: 230.957 Thread 0x00000000194a6000 flushing nmethod 0x0000000004a1cf10
Event: 230.957 Thread 0x00000000194a6000 flushing nmethod 0x0000000004a1d250
Event: 230.957 Thread 0x00000000194a6000 flushing nmethod 0x0000000004a1d710
Event: 230.957 Thread 0x00000000194a6000 flushing nmethod 0x0000000004a1ebd0
Event: 230.957 Thread 0x00000000194a6000 flushing nmethod 0x0000000004a20950
Event: 230.957 Thread 0x00000000194a6000 flushing nmethod 0x0000000004a4cad0


Dynamic libraries:
0x00007ff682950000 - 0x00007ff682987000 	C:\Program Files\Java\jdk1.8.0_151\bin\java.exe
0x00007ffaf7750000 - 0x00007ffaf7930000 	C:\WINDOWS\SYSTEM32\ntdll.dll
0x00007ffaf5350000 - 0x00007ffaf53fe000 	C:\WINDOWS\System32\KERNEL32.DLL
0x00007ffaf49b0000 - 0x00007ffaf4c16000 	C:\WINDOWS\System32\KERNELBASE.dll
0x00007ffaf7500000 - 0x00007ffaf75a1000 	C:\WINDOWS\System32\ADVAPI32.dll
0x00007ffaf5510000 - 0x00007ffaf55ad000 	C:\WINDOWS\System32\msvcrt.dll
0x00007ffaf6d80000 - 0x00007ffaf6ddb000 	C:\WINDOWS\System32\sechost.dll
0x00007ffaf72e0000 - 0x00007ffaf73ff000 	C:\WINDOWS\System32\RPCRT4.dll
0x00007ffaf6bf0000 - 0x00007ffaf6d7f000 	C:\WINDOWS\System32\USER32.dll
0x00007ffaf3b50000 - 0x00007ffaf3b70000 	C:\WINDOWS\System32\win32u.dll
0x00007ffaf6bc0000 - 0x00007ffaf6be8000 	C:\WINDOWS\System32\GDI32.dll
0x00007ffaf3cf0000 - 0x00007ffaf3e83000 	C:\WINDOWS\System32\gdi32full.dll
0x00007ffaf4110000 - 0x00007ffaf41ab000 	C:\WINDOWS\System32\msvcp_win.dll
0x00007ffaf3bf0000 - 0x00007ffaf3ce6000 	C:\WINDOWS\System32\ucrtbase.dll
0x00007ffae90b0000 - 0x00007ffae9319000 	C:\WINDOWS\WinSxS\amd64_microsoft.windows.common-controls_6595b64144ccf1df_6.0.16299.192_none_15c8cdae9364c23b\COMCTL32.dll
0x00007ffaf5040000 - 0x00007ffaf5348000 	C:\WINDOWS\System32\combase.dll
0x00007ffaf3b70000 - 0x00007ffaf3be2000 	C:\WINDOWS\System32\bcryptPrimitives.dll
0x00007ffaf54e0000 - 0x00007ffaf550d000 	C:\WINDOWS\System32\IMM32.DLL
0x000000006f4d0000 - 0x000000006f5a2000 	C:\Program Files\Java\jdk1.8.0_151\jre\bin\msvcr100.dll
0x000000006f5b0000 - 0x000000006fe4d000 	C:\Program Files\Java\jdk1.8.0_151\jre\bin\server\jvm.dll
0x00007ffaf74e0000 - 0x00007ffaf74e8000 	C:\WINDOWS\System32\PSAPI.DLL
0x00007ffad59c0000 - 0x00007ffad59c9000 	C:\WINDOWS\SYSTEM32\WSOCK32.dll
0x00007ffaf05e0000 - 0x00007ffaf0603000 	C:\WINDOWS\SYSTEM32\WINMM.dll
0x00007ffae7500000 - 0x00007ffae750a000 	C:\WINDOWS\SYSTEM32\VERSION.dll
0x00007ffaf4e30000 - 0x00007ffaf4e9c000 	C:\WINDOWS\System32\WS2_32.dll
0x00007ffaf0580000 - 0x00007ffaf05aa000 	C:\WINDOWS\SYSTEM32\winmmbase.dll
0x00007ffaf4060000 - 0x00007ffaf40aa000 	C:\WINDOWS\System32\cfgmgr32.dll
0x000000006f480000 - 0x000000006f48f000 	C:\Program Files\Java\jdk1.8.0_151\jre\bin\verify.dll
0x000000006f450000 - 0x000000006f479000 	C:\Program Files\Java\jdk1.8.0_151\jre\bin\java.dll
0x000000006f430000 - 0x000000006f446000 	C:\Program Files\Java\jdk1.8.0_151\jre\bin\zip.dll
0x00007ffaf5780000 - 0x00007ffaf6bb6000 	C:\WINDOWS\System32\SHELL32.dll
0x00007ffaf6de0000 - 0x00007ffaf6e86000 	C:\WINDOWS\System32\shcore.dll
0x00007ffaf41b0000 - 0x00007ffaf48f7000 	C:\WINDOWS\System32\windows.storage.dll
0x00007ffaf5720000 - 0x00007ffaf5771000 	C:\WINDOWS\System32\shlwapi.dll
0x00007ffaf3ae0000 - 0x00007ffaf3af1000 	C:\WINDOWS\System32\kernel.appcore.dll
0x00007ffaf3b00000 - 0x00007ffaf3b4c000 	C:\WINDOWS\System32\powrprof.dll
0x00007ffaf3ac0000 - 0x00007ffaf3adb000 	C:\WINDOWS\System32\profapi.dll
0x000000006f250000 - 0x000000006f3e8000 	C:\Program Files\Java\jdk1.8.0_151\jre\bin\awt.dll
0x00007ffaf7410000 - 0x00007ffaf74d5000 	C:\WINDOWS\System32\OLEAUT32.dll
0x00007ffaf1c70000 - 0x00007ffaf1cf8000 	C:\WINDOWS\SYSTEM32\apphelp.dll
0x00007ffaf1df0000 - 0x00007ffaf1e85000 	C:\WINDOWS\system32\uxtheme.dll
0x00007ffaf55b0000 - 0x00007ffaf5717000 	C:\WINDOWS\System32\MSCTF.dll
0x00007ffaf2060000 - 0x00007ffaf208a000 	C:\WINDOWS\system32\dwmapi.dll
0x00007ffaf75b0000 - 0x00007ffaf76f9000 	C:\WINDOWS\System32\ole32.dll
0x000000006f200000 - 0x000000006f247000 	C:\Program Files\Java\jdk1.8.0_151\jre\bin\fontmanager.dll
0x00007ffac4c60000 - 0x00007ffac4d7e000 	C:\WINDOWS\system32\opengl32.dll
0x00007ffaccb10000 - 0x00007ffaccb3c000 	C:\WINDOWS\SYSTEM32\GLU32.dll
0x000000006f410000 - 0x000000006f42a000 	C:\Program Files\Java\jdk1.8.0_151\jre\bin\net.dll
0x00007ffaf3330000 - 0x00007ffaf3396000 	C:\WINDOWS\system32\mswsock.dll
0x00007ffaf3100000 - 0x00007ffaf31b6000 	C:\WINDOWS\SYSTEM32\DNSAPI.dll
0x00007ffaf74f0000 - 0x00007ffaf74f8000 	C:\WINDOWS\System32\NSI.dll
0x00007ffaf30c0000 - 0x00007ffaf30f9000 	C:\WINDOWS\SYSTEM32\IPHLPAPI.DLL
0x00000000709d0000 - 0x00000000709f6000 	C:\Program Files\Bonjour\mdnsNSP.dll
0x0000000063560000 - 0x0000000063569000 	C:\Program Files\National Instruments\Shared\mDNS Responder\nimdnsNSP.dll
0x0000000063550000 - 0x000000006355e000 	C:\WINDOWS\SYSTEM32\nimdnsResponder.dll
0x0000000070a00000 - 0x0000000070aa3000 	C:\WINDOWS\WinSxS\amd64_microsoft.vc90.crt_1fc8b3b9a1e18e3b_9.0.30729.9317_none_08e0939fa840d57b\MSVCR90.dll
0x00007ffae7890000 - 0x00007ffae789a000 	C:\Windows\System32\rasadhlp.dll
0x00007ffae8180000 - 0x00007ffae81f0000 	C:\WINDOWS\System32\fwpuclnt.dll
0x00007ffaf3600000 - 0x00007ffaf3625000 	C:\WINDOWS\SYSTEM32\bcrypt.dll
0x000000006f3f0000 - 0x000000006f401000 	C:\Program Files\Java\jdk1.8.0_151\jre\bin\nio.dll
0x000000006f1b0000 - 0x000000006f1f2000 	C:\Program Files\Java\jdk1.8.0_151\jre\bin\t2k.dll
0x00007ffaf4d90000 - 0x00007ffaf4e2e000 	C:\WINDOWS\System32\clbcatq.dll
0x00007ffaef150000 - 0x00007ffaef2fb000 	C:\WINDOWS\SYSTEM32\WindowsCodecs.dll
0x00007ffaee9c0000 - 0x00007ffaeea0f000 	C:\WINDOWS\system32\dataexchange.dll
0x00007ffaf1740000 - 0x00007ffaf1882000 	C:\WINDOWS\system32\dcomp.dll
0x00007ffaf1370000 - 0x00007ffaf1651000 	C:\WINDOWS\system32\d3d11.dll
0x00007ffaf2910000 - 0x00007ffaf29bf000 	C:\WINDOWS\system32\dxgi.dll
0x00007ffaf21e0000 - 0x00007ffaf235b000 	C:\WINDOWS\system32\twinapi.appcore.dll
0x00007ffaf2180000 - 0x00007ffaf21a0000 	C:\WINDOWS\system32\RMCLIENT.dll
0x000000006f170000 - 0x000000006f19a000 	C:\Program Files\Java\jdk1.8.0_151\jre\bin\dcpr.dll
0x00007ffae6550000 - 0x00007ffae65e8000 	C:\WINDOWS\System32\TextInputFramework.dll
0x00007ffaeeb70000 - 0x00007ffaeee5e000 	C:\WINDOWS\System32\CoreUIComponents.dll
0x00007ffaf1660000 - 0x00007ffaf173c000 	C:\WINDOWS\System32\CoreMessaging.dll
0x00007ffaf2be0000 - 0x00007ffaf2c11000 	C:\WINDOWS\SYSTEM32\ntmarta.dll
0x00007ffaef910000 - 0x00007ffaefa46000 	C:\WINDOWS\SYSTEM32\wintypes.dll

VM Arguments:
jvm_args: -Dfile.encoding=UTF-8 
java_command: mypuntodeventa.View
java_class_path (initial): C:\Users\JOSE\Documents\Escuela\6. Sexto semestre\Estructura de datos\Unidad 3\MyPuntoDeVenta\Libraries\mysql-connector-java-5.1.46-bin.jar;C:\Users\JOSE\Documents\Escuela\6. Sexto semestre\Estructura de datos\Unidad 3\MyPuntoDeVenta\Libraries\mysql-connector-java-5.1.46.jar;C:\Users\JOSE\Documents\Escuela\6. Sexto semestre\Estructura de datos\Unidad 3\MyPuntoDeVenta\commons-dbutils-1.6-javadoc.jar;C:\Users\JOSE\Documents\Escuela\6. Sexto semestre\Estructura de datos\Unidad 3\MyPuntoDeVenta\commons-dbutils-1.6-sources.jar;C:\Users\JOSE\Documents\Escuela\6. Sexto semestre\Estructura de datos\Unidad 3\MyPuntoDeVenta\commons-dbutils-1.6-test-sources.jar;C:\Users\JOSE\Documents\Escuela\6. Sexto semestre\Estructura de datos\Unidad 3\MyPuntoDeVenta\commons-dbutils-1.6-tests.jar;C:\Users\JOSE\Documents\Escuela\6. Sexto semestre\Estructura de datos\Unidad 3\MyPuntoDeVenta\commons-dbutils-1.6.jar;C:\Users\JOSE\Documents\Escuela\6. Sexto semestre\Estructura de datos\Unidad 3\MyPuntoDeVenta\Libraries\AutoCompleter.jar;C:\Users\JOSE\Documents\Escuela\6. Sexto semestre\Estructura de datos\Unidad 3\MyPuntoDeVenta\build\classes
Launcher Type: SUN_STANDARD

Environment Variables:
PATH=C:\ProgramData\Oracle\Java\javapath C:\Program Files\Java\jdk1.8.0_151\bin;C:\Windows\System32;C:\Windows;C:\Windows\System32\wbem;C:\Windows\System32\WindowsPowerShell\v1.0\;C:\Program Files\Hewlett-Packard\SimplePass\;C:\Program Files (x86)\PICC;C:\Program Files (x86)\Microchip\MPLAB C32 Suite\bin;C:\Program Files\MATLAB\MATLAB Production Server\R2015a\runtime\win64;C:\Program Files\MATLAB\MATLAB Production Server\R2015a\bin;C:\Program Files\MATLAB\MATLAB Production Server\R2015a\polyspace\bin;C:\Program Files\Microsoft SQL Server\Client SDK\ODBC\110\Tools\Binn\;C:\Program Files (x86)\Microsoft SQL Server\120\Tools\Binn\;C:\Program Files\Microsoft SQL Server\120\Tools\Binn\;C:\Program Files\Microsoft SQL Server\120\DTS\Binn\;C:\Program Files (x86)\Windows Kits\8.1\Windows Performance Toolkit\;C:\Program Files (x86)\Windows Live\Shared;C:\Program Files\Microsoft\Web Platform Installer\;C:\Program Files (x86)\Microsoft ASP.NET\ASP.NET Web Pages\v1.0\;C:\Program Files (x86)\Windows Kits\8.0\Windows Performance Toolkit\;C:\Program Files\Microsoft SQL Server\110\Tools\Binn\;C:\Program Files\MATLAB\MATLAB Runtime\v85\runtime\win64;C:\Aldec\Active-HDL-Student-Edition\bin;C:\Program Files\Git\cmd;C:\Program Files\MySQL\MySQL Utilities 1.6\;C:\Program Files\MySQL\MySQL Server 5.7\bin\;C:\cygwin64\bin;C:\cygwin64\lib;C:\Program Files (x86)\Microsoft SQL Server\Client SDK\ODBC\130\Tools\Binn\;C:\Program Files (x86)\Microsoft SQL Server\140\Tools\Binn\;C:\Program Files (x86)\Microsoft SQL Server\140\DTS\Binn\;C:\Program Files (x86)\Microsoft SQL Server\140\Tools\Binn\ManagementStudio\;C:\Program Files\Java\jdk1.8.0_151\bin;C:\Program Files\Microsoft VS Code\bin;C:\Users\JOSE\AppData\Local\Microsoft\WindowsApps;
USERNAME=JOSE
OS=Windows_NT
PROCESSOR_IDENTIFIER=Intel64 Family 6 Model 69 Stepping 1, GenuineIntel



---------------  S Y S T E M  ---------------

OS: Windows 10.0 , 64 bit Build 16299 (10.0.16299.15)

CPU:total 4 (initial active 4) (2 cores per cpu, 2 threads per core) family 6 model 69 stepping 1, cmov, cx8, fxsr, mmx, sse, sse2, sse3, ssse3, sse4.1, sse4.2, popcnt, avx, avx2, aes, clmul, erms, lzcnt, ht, tsc, tscinvbit, bmi1, bmi2

Memory: 4k page, physical 8318808k(985520k free), swap 8318808k(28248k free)

vm_info: Java HotSpot(TM) 64-Bit Server VM (25.151-b12) for windows-amd64 JRE (1.8.0_151-b12), built on Sep  5 2017 19:33:46 by "java_re" with MS VC++ 10.0 (VS2010)

time: Sun May 20 12:57:09 2018
elapsed time: 235 seconds (0d 0h 3m 55s)

