#
# A fatal error has been detected by the Java Runtime Environment:
#
#  EXCEPTION_ACCESS_VIOLATION (0xc0000005) at pc=0x0000000053283ed7, pid=16352, tid=0x00000000000038ec
#
# JRE version: Java(TM) SE Runtime Environment (8.0_141-b15) (build 1.8.0_141-b15)
# Java VM: Java HotSpot(TM) 64-Bit Server VM (25.141-b15 mixed mode windows-amd64 compressed oops)
# Problematic frame:
# V  [jvm.dll+0x213ed7]
#
# Failed to write core dump. Minidumps are not enabled by default on client versions of Windows
#
# If you would like to submit a bug report, please visit:
#   http://bugreport.java.com/bugreport/crash.jsp
#

---------------  T H R E A D  ---------------

Current thread (0x000000001b387000):  JavaThread "AWT-Shutdown" [_thread_in_vm, id=14572, stack(0x000000001ba90000,0x000000001bb90000)]

siginfo: ExceptionCode=0xc0000005, writing address 0x000000001bb89280

Registers:
RAX=0x000000001bb89280, RBX=0x0000000000000007, RCX=0x0000000000006000, RDX=0x0000000000000006
RSP=0x000000001bb8f280, RBP=0x0000000000000000, RSI=0x000000001bb8f280, RDI=0x0000000000000007
R8 =0x0000000000000006, R9 =0x000000001b321270, R10=0x0000000018d0d4c0, R11=0x000000001ba9a148
R12=0x000000001b321270, R13=0x000000001b387000, R14=0x000000001bb8f348, R15=0x0000000018d0d4c0
RIP=0x0000000053283ed7, EFLAGS=0x0000000000010202

Top of Stack: (sp=0x000000001bb8f280)
0x000000001bb8f280:   00000000007a0000 00000000000007d0
0x000000001bb8f290:   000000001b387000 000000001b321270
0x000000001bb8f2a0:   00000000ffffffff 0000000053284e07
0x000000001bb8f2b0:   000000001bb8f3b0 0000000018d0d4c0
0x000000001bb8f2c0:   000000001b387000 0000000053130a63
0x000000001bb8f2d0:   000000001bb8f310 000000001b387000
0x000000001bb8f2e0:   000000001bb8f3a0 000000001b387000
0x000000001bb8f2f0:   0000000018d0d4c0 000000001b387000
0x000000001bb8f300:   0000000004b03200 000000001b387000
0x000000001bb8f310:   0000000018d0d4c0 000000001b387000
0x000000001bb8f320:   0000000018d0d4c0 000000001b387000
0x000000001bb8f330:   0000000000000001 0000000018d0d4c0
0x000000001bb8f340:   000000001b387000 000000001b03a940
0x000000001bb8f350:   000000001b387000 000000005313210d
0x000000001bb8f360:   000000001bb8f668 00000001000069a0
0x000000001bb8f370:   00000001000069a0 00007ffc00000008 

Instructions: (pc=0x0000000053283ed7)
0x0000000053283eb7:   48 89 6c 24 30 33 ed 66 90 e8 8b 3b 08 00 ff c3
0x0000000053283ec7:   48 63 c8 48 8b c6 48 0f af cf 48 ff c7 48 2b c1
0x0000000053283ed7:   89 28 48 63 c3 48 3b 05 f5 37 59 00 7e db 48 8b
0x0000000053283ee7:   6c 24 30 48 8b 5c 24 38 48 8b 74 24 40 48 83 c4 


Register to memory mapping:

RAX=0x000000001bb89280 is pointing into the stack for thread: 0x000000001b387000
RBX=0x0000000000000007 is an unknown value
RCX=0x0000000000006000 is an unknown value
RDX=0x0000000000000006 is an unknown value
RSP=0x000000001bb8f280 is pointing into the stack for thread: 0x000000001b387000
RBP=0x0000000000000000 is an unknown value
RSI=0x000000001bb8f280 is pointing into the stack for thread: 0x000000001b387000
RDI=0x0000000000000007 is an unknown value
R8 =0x0000000000000006 is an unknown value
R9 =0x000000001b321270 is an unknown value
R10={method} {0x0000000018d0d4c8} 'run' '()V' in 'java/lang/Thread'
R11=0x000000001ba9a148 is pointing into the stack for thread: 0x000000001b387000
R12=0x000000001b321270 is an unknown value
R13=0x000000001b387000 is a thread
R14=0x000000001bb8f348 is pointing into the stack for thread: 0x000000001b387000
R15={method} {0x0000000018d0d4c8} 'run' '()V' in 'java/lang/Thread'


Stack: [0x000000001ba90000,0x000000001bb90000],  sp=0x000000001bb8f280,  free space=1020k
Native frames: (J=compiled Java code, j=interpreted, Vv=VM code, C=native code)


---------------  P R O C E S S  ---------------

Java Threads: ( => current thread )
=>0x000000001b387000 JavaThread "AWT-Shutdown" [_thread_in_vm, id=14572, stack(0x000000001ba90000,0x000000001bb90000)]
  0x000000001b386800 JavaThread "Java2D Disposer" daemon [_thread_blocked, id=15516, stack(0x000000001b990000,0x000000001ba90000)]
  0x000000001b003000 JavaThread "Service Thread" daemon [_thread_blocked, id=5600, stack(0x000000001b3e0000,0x000000001b4e0000)]
  0x0000000019684800 JavaThread "C1 CompilerThread2" daemon [_thread_blocked, id=1416, stack(0x000000001aee0000,0x000000001afe0000)]
  0x0000000019681800 JavaThread "C2 CompilerThread1" daemon [_thread_blocked, id=3356, stack(0x000000001ade0000,0x000000001aee0000)]
  0x000000001967f800 JavaThread "C2 CompilerThread0" daemon [_thread_blocked, id=7396, stack(0x000000001ace0000,0x000000001ade0000)]
  0x000000001967d000 JavaThread "Attach Listener" daemon [_thread_blocked, id=14244, stack(0x000000001abe0000,0x000000001ace0000)]
  0x000000001967b800 JavaThread "Signal Dispatcher" daemon [_thread_blocked, id=5924, stack(0x000000001aae0000,0x000000001abe0000)]
  0x0000000004a6c000 JavaThread "Finalizer" daemon [_thread_blocked, id=13412, stack(0x000000001a8d0000,0x000000001a9d0000)]
  0x0000000004a63000 JavaThread "Reference Handler" daemon [_thread_blocked, id=5188, stack(0x000000001a7d0000,0x000000001a8d0000)]
  0x0000000004aed800 JavaThread "main" [_thread_blocked, id=13968, stack(0x0000000003070000,0x0000000003170000)]

Other Threads:
  0x0000000019647000 VMThread [stack: 0x000000001a6d0000,0x000000001a7d0000] [id=10744]
  0x000000001b039800 WatcherThread [stack: 0x000000001b890000,0x000000001b990000] [id=12384]

VM state:not at safepoint (normal execution)

VM Mutex/Monitor currently owned by a thread: None

Heap:
 PSYoungGen      total 38400K, used 3328K [0x00000000d5b00000, 0x00000000d8580000, 0x0000000100000000)
  eden space 33280K, 10% used [0x00000000d5b00000,0x00000000d5e400f8,0x00000000d7b80000)
  from space 5120K, 0% used [0x00000000d8080000,0x00000000d8080000,0x00000000d8580000)
  to   space 5120K, 0% used [0x00000000d7b80000,0x00000000d7b80000,0x00000000d8080000)
 ParOldGen       total 87552K, used 0K [0x0000000081000000, 0x0000000086580000, 0x00000000d5b00000)
  object space 87552K, 0% used [0x0000000081000000,0x0000000081000000,0x0000000086580000)
 Metaspace       used 4938K, capacity 5040K, committed 5248K, reserved 1056768K
  class space    used 546K, capacity 595K, committed 640K, reserved 1048576K

Card table byte_map: [0x0000000013eb0000,0x00000000142b0000] byte_map_base: 0x0000000013aa8000

Marking Bits: (ParMarkBitMap*) 0x000000005388d850
 Begin Bits: [0x0000000014960000, 0x0000000016920000)
 End Bits:   [0x0000000016920000, 0x00000000188e0000)

Polling page: 0x0000000002b60000

CodeCache: size=245760Kb used=1500Kb max_used=1500Kb free=244259Kb
 bounds [0x0000000004af0000, 0x0000000004d60000, 0x0000000013af0000]
 total_blobs=530 nmethods=213 adapters=230
 compilation: enabled

Compilation events (10 events):
Event: 0.241 Thread 0x0000000019684800  208       3       jdk.internal.org.objectweb.asm.ByteVector::<init> (13 bytes)
Event: 0.241 Thread 0x0000000019684800 nmethod 208 0x0000000004c5e950 code [0x0000000004c5eac0, 0x0000000004c5ed10]
Event: 0.241 Thread 0x0000000019684800  211       3       jdk.internal.org.objectweb.asm.ByteVector::putByteArray (49 bytes)
Event: 0.241 Thread 0x0000000019684800 nmethod 211 0x0000000004c5e390 code [0x0000000004c5e500, 0x0000000004c5e838]
Event: 0.241 Thread 0x0000000019684800  212       3       jdk.internal.org.objectweb.asm.ByteVector::putInt (74 bytes)
Event: 0.242 Thread 0x0000000019684800 nmethod 212 0x0000000004c5de10 code [0x0000000004c5df80, 0x0000000004c5e208]
Event: 0.242 Thread 0x0000000019684800  209       3       sun.reflect.misc.ReflectUtil::isVMAnonymousClass (19 bytes)
Event: 0.242 Thread 0x0000000019684800 nmethod 209 0x0000000004c5d4d0 code [0x0000000004c5d660, 0x0000000004c5db98]
Event: 0.271 Thread 0x0000000019684800  213       3       jdk.internal.org.objectweb.asm.ByteVector::enlarge (51 bytes)
Event: 0.271 Thread 0x0000000019684800 nmethod 213 0x0000000004c66ed0 code [0x0000000004c67040, 0x0000000004c67368]

GC Heap History (0 events):
No events

Deoptimization events (0 events):
No events

Internal exceptions (10 events):
Event: 0.052 Thread 0x0000000004aed800 Exception <a 'java/lang/NoSuchMethodError': Method sun.misc.Unsafe.defineClass(Ljava/lang/String;[BII)Ljava/lang/Class; name or signature does not match> (0x00000000d5b07ca8) thrown at [C:\re\workspace\8-2-build-windows-amd64-cygwin\jdk8u141\9370\hotspot\
Event: 0.053 Thread 0x0000000004aed800 Exception <a 'java/lang/NoSuchMethodError': Method sun.misc.Unsafe.prefetchRead(Ljava/lang/Object;J)V name or signature does not match> (0x00000000d5b07f90) thrown at [C:\re\workspace\8-2-build-windows-amd64-cygwin\jdk8u141\9370\hotspot\src\share\vm\prims
Event: 0.114 Thread 0x0000000004aed800 Exception <a 'java/io/FileNotFoundException'> (0x00000000d5b5c398) thrown at [C:\re\workspace\8-2-build-windows-amd64-cygwin\jdk8u141\9370\hotspot\src\share\vm\prims\jni.cpp, line 709]
Event: 0.140 Thread 0x0000000004aed800 Exception <a 'java/security/PrivilegedActionException'> (0x00000000d5b86a90) thrown at [C:\re\workspace\8-2-build-windows-amd64-cygwin\jdk8u141\9370\hotspot\src\share\vm\prims\jvm.cpp, line 1390]
Event: 0.140 Thread 0x0000000004aed800 Exception <a 'java/security/PrivilegedActionException'> (0x00000000d5b86ca0) thrown at [C:\re\workspace\8-2-build-windows-amd64-cygwin\jdk8u141\9370\hotspot\src\share\vm\prims\jvm.cpp, line 1390]
Event: 0.141 Thread 0x0000000004aed800 Exception <a 'java/security/PrivilegedActionException'> (0x00000000d5b8abb0) thrown at [C:\re\workspace\8-2-build-windows-amd64-cygwin\jdk8u141\9370\hotspot\src\share\vm\prims\jvm.cpp, line 1390]
Event: 0.141 Thread 0x0000000004aed800 Exception <a 'java/security/PrivilegedActionException'> (0x00000000d5b8adc0) thrown at [C:\re\workspace\8-2-build-windows-amd64-cygwin\jdk8u141\9370\hotspot\src\share\vm\prims\jvm.cpp, line 1390]
Event: 0.152 Thread 0x0000000004aed800 Exception <a 'java/io/FileNotFoundException'> (0x00000000d5b933f8) thrown at [C:\re\workspace\8-2-build-windows-amd64-cygwin\jdk8u141\9370\hotspot\src\share\vm\prims\jni.cpp, line 709]
Event: 0.206 Thread 0x0000000004aed800 Exception <a 'java/lang/NoSuchFieldError': method resolution failed> (0x00000000d5d07250) thrown at [C:\re\workspace\8-2-build-windows-amd64-cygwin\jdk8u141\9370\hotspot\src\share\vm\prims\methodHandles.cpp, line 1146]
Event: 0.210 Thread 0x0000000004aed800 Exception <a 'java/lang/NoSuchFieldError': method resolution failed> (0x00000000d5d148f8) thrown at [C:\re\workspace\8-2-build-windows-amd64-cygwin\jdk8u141\9370\hotspot\src\share\vm\prims\methodHandles.cpp, line 1146]

Events (10 events):
Event: 0.270 loading class sun/java2d/Disposer$1
Event: 0.270 loading class sun/java2d/Disposer$1 done
Event: 0.271 loading class sun/misc/ThreadGroupUtils
Event: 0.271 loading class sun/misc/ThreadGroupUtils done
Event: 0.271 Thread 0x000000001b386800 Thread added: 0x000000001b386800
Event: 0.272 loading class sun/awt/AWTAutoShutdown
Event: 0.272 loading class sun/awt/AWTAutoShutdown done
Event: 0.272 loading class java/util/IdentityHashMap
Event: 0.272 loading class java/util/IdentityHashMap done
Event: 0.272 Thread 0x000000001b387000 Thread added: 0x000000001b387000


Dynamic libraries:
0x00007ff764360000 - 0x00007ff764397000 	C:\Program Files\Java\jdk1.8.0_141\bin\java.exe
0x00007ffc127a0000 - 0x00007ffc12980000 	C:\WINDOWS\SYSTEM32\ntdll.dll
0x00007ffc0ffd0000 - 0x00007ffc1007e000 	C:\WINDOWS\System32\KERNEL32.DLL
0x00007ffc0ed40000 - 0x00007ffc0efa6000 	C:\WINDOWS\System32\KERNELBASE.dll
0x00007ffc10080000 - 0x00007ffc10121000 	C:\WINDOWS\System32\ADVAPI32.dll
0x00007ffc10970000 - 0x00007ffc10a0d000 	C:\WINDOWS\System32\msvcrt.dll
0x00007ffc0fd40000 - 0x00007ffc0fd9b000 	C:\WINDOWS\System32\sechost.dll
0x00007ffc10450000 - 0x00007ffc1056f000 	C:\WINDOWS\System32\RPCRT4.dll
0x00007ffc11190000 - 0x00007ffc1131f000 	C:\WINDOWS\System32\USER32.dll
0x00007ffc0f030000 - 0x00007ffc0f050000 	C:\WINDOWS\System32\win32u.dll
0x00007ffc10ab0000 - 0x00007ffc10ad8000 	C:\WINDOWS\System32\GDI32.dll
0x00007ffc0fad0000 - 0x00007ffc0fc63000 	C:\WINDOWS\System32\gdi32full.dll
0x00007ffc0eca0000 - 0x00007ffc0ed3b000 	C:\WINDOWS\System32\msvcp_win.dll
0x00007ffc0eba0000 - 0x00007ffc0ec96000 	C:\WINDOWS\System32\ucrtbase.dll
0x00007ffc04a90000 - 0x00007ffc04cf9000 	C:\WINDOWS\WinSxS\amd64_microsoft.windows.common-controls_6595b64144ccf1df_6.0.16299.192_none_15c8cdae9364c23b\COMCTL32.dll
0x00007ffc10140000 - 0x00007ffc10448000 	C:\WINDOWS\System32\combase.dll
0x00007ffc0efb0000 - 0x00007ffc0f022000 	C:\WINDOWS\System32\bcryptPrimitives.dll
0x00007ffc10a10000 - 0x00007ffc10a3d000 	C:\WINDOWS\System32\IMM32.DLL
0x0000000052f90000 - 0x0000000053062000 	C:\Program Files\Java\jdk1.8.0_141\jre\bin\msvcr100.dll
0x0000000053070000 - 0x000000005390d000 	C:\Program Files\Java\jdk1.8.0_141\jre\bin\server\jvm.dll
0x00007ffc11320000 - 0x00007ffc11328000 	C:\WINDOWS\System32\PSAPI.DLL
0x00007ffc0b260000 - 0x00007ffc0b283000 	C:\WINDOWS\SYSTEM32\WINMM.dll
0x00007ffc03220000 - 0x00007ffc0322a000 	C:\WINDOWS\SYSTEM32\VERSION.dll
0x00007ffbf3d60000 - 0x00007ffbf3d69000 	C:\WINDOWS\SYSTEM32\WSOCK32.dll
0x00007ffc10a40000 - 0x00007ffc10aac000 	C:\WINDOWS\System32\WS2_32.dll
0x00007ffc0b200000 - 0x00007ffc0b22a000 	C:\WINDOWS\SYSTEM32\WINMMBASE.dll
0x00007ffc0f160000 - 0x00007ffc0f1aa000 	C:\WINDOWS\System32\cfgmgr32.dll
0x0000000052f40000 - 0x0000000052f4f000 	C:\Program Files\Java\jdk1.8.0_141\jre\bin\verify.dll
0x0000000052f10000 - 0x0000000052f39000 	C:\Program Files\Java\jdk1.8.0_141\jre\bin\java.dll
0x0000000052ef0000 - 0x0000000052f06000 	C:\Program Files\Java\jdk1.8.0_141\jre\bin\zip.dll
0x00007ffc11330000 - 0x00007ffc12766000 	C:\WINDOWS\System32\SHELL32.dll
0x00007ffc11080000 - 0x00007ffc11126000 	C:\WINDOWS\System32\shcore.dll
0x00007ffc0f380000 - 0x00007ffc0fac7000 	C:\WINDOWS\System32\windows.storage.dll
0x00007ffc0ff50000 - 0x00007ffc0ffa1000 	C:\WINDOWS\System32\shlwapi.dll
0x00007ffc0eb60000 - 0x00007ffc0eb71000 	C:\WINDOWS\System32\kernel.appcore.dll
0x00007ffc0eb10000 - 0x00007ffc0eb5c000 	C:\WINDOWS\System32\powrprof.dll
0x00007ffc0eb80000 - 0x00007ffc0eb9b000 	C:\WINDOWS\System32\profapi.dll
0x0000000052d10000 - 0x0000000052ea8000 	C:\Program Files\Java\jdk1.8.0_141\jre\bin\awt.dll
0x00007ffc0fc70000 - 0x00007ffc0fd35000 	C:\WINDOWS\System32\OLEAUT32.dll
0x00007ffc0cb80000 - 0x00007ffc0cc08000 	C:\WINDOWS\SYSTEM32\apphelp.dll

VM Arguments:
jvm_args: -Dfile.encoding=UTF-8 
java_command: punto.de.ventas.PuntoDeVentas
java_class_path (initial): C:\Users\JOSE\Documents\Escuela\6. Sexto semestre\Ingenieria de Software\Punto de venta (udemy)\Vistas\Punto de ventas\build\classes
Launcher Type: SUN_STANDARD

Environment Variables:
PATH=C:\ProgramData\Oracle\Java\javapath C:\Program Files\Java\jdk1.8.0_151\bin;C:\Windows\System32;C:\Windows;C:\Windows\System32\wbem;C:\Windows\System32\WindowsPowerShell\v1.0\;C:\Program Files\Hewlett-Packard\SimplePass\;C:\Program Files (x86)\PICC;C:\Program Files (x86)\Microchip\MPLAB C32 Suite\bin;C:\Program Files\MATLAB\MATLAB Production Server\R2015a\runtime\win64;C:\Program Files\MATLAB\MATLAB Production Server\R2015a\bin;C:\Program Files\MATLAB\MATLAB Production Server\R2015a\polyspace\bin;C:\Program Files\Microsoft SQL Server\Client SDK\ODBC\110\Tools\Binn\;C:\Program Files (x86)\Microsoft SQL Server\120\Tools\Binn\;C:\Program Files\Microsoft SQL Server\120\Tools\Binn\;C:\Program Files\Microsoft SQL Server\120\DTS\Binn\;C:\Program Files (x86)\Windows Kits\8.1\Windows Performance Toolkit\;C:\Program Files (x86)\Windows Live\Shared;C:\Program Files\Microsoft\Web Platform Installer\;C:\Program Files (x86)\Microsoft ASP.NET\ASP.NET Web Pages\v1.0\;C:\Program Files (x86)\Windows Kits\8.0\Windows Performance Toolkit\;C:\Program Files\Microsoft SQL Server\110\Tools\Binn\;C:\Program Files\MATLAB\MATLAB Runtime\v85\runtime\win64;C:\Aldec\Active-HDL-Student-Edition\bin;C:\Program Files\Git\cmd;C:\Program Files\MySQL\MySQL Utilities 1.6\;C:\Program Files\Java\jdk1.8.0_151\bin;C:\Program Files\Microsoft VS Code\bin;C:\Users\JOSE\AppData\Local\Microsoft\WindowsApps;
USERNAME=JOSE
OS=Windows_NT
PROCESSOR_IDENTIFIER=Intel64 Family 6 Model 69 Stepping 1, GenuineIntel



---------------  S Y S T E M  ---------------

OS: Windows 10.0 , 64 bit Build 16299 (10.0.16299.15)

CPU:total 4 (initial active 4) (2 cores per cpu, 2 threads per core) family 6 model 69 stepping 1, cmov, cx8, fxsr, mmx, sse, sse2, sse3, ssse3, sse4.1, sse4.2, popcnt, avx, avx2, aes, clmul, erms, lzcnt, ht, tsc, tscinvbit, bmi1, bmi2

Memory: 4k page, physical 8318808k(1304996k free), swap 8318808k(4092k free)

vm_info: Java HotSpot(TM) 64-Bit Server VM (25.141-b15) for windows-amd64 JRE (1.8.0_141-b15), built on Jul 12 2017 04:25:12 by "java_re" with MS VC++ 10.0 (VS2010)

time: Wed Feb 14 12:51:50 2018
elapsed time: 0 seconds (0d 0h 0m 0s)

