JvmtiExport can_access_local_variables 0
JvmtiExport can_hotswap_or_post_breakpoint 0
JvmtiExport can_post_on_exceptions 0
# 318 ciObject found
ciMethod java/lang/Object <init> ()V 4097 1 93900 0 0
ciMethod java/lang/Object getClass ()Ljava/lang/Class; 2049 1 256 0 -1
ciMethod java/lang/Object hashCode ()I 2049 1 256 0 -1
ciMethod java/lang/Object equals (Ljava/lang/Object;)Z 2065 1 5441 0 -1
ciMethod java/lang/String <init> ([CII)V 3297 1 5647 0 -1
ciMethod java/lang/String length ()I 4097 1 36218 0 -1
ciMethod java/lang/String equals (Ljava/lang/Object;)Z 2065 16033 3345 0 -1
ciMethod java/lang/String hashCode ()I 2801 32769 1214 0 288
ciMethod java/lang/String indexOf (I)I 2153 1 8316 0 -1
ciMethod java/lang/String substring (I)Ljava/lang/String; 2049 1 5429 0 -1
ciMethod java/lang/String substring (II)Ljava/lang/String; 2089 1 5467 0 -1
ciMethod java/lang/String split (Ljava/lang/String;I)[Ljava/lang/String; 529 297 111 0 -1
ciMethod java/lang/String split (Ljava/lang/String;)[Ljava/lang/String; 529 1 111 0 0
ciMethod java/lang/String trim ()Ljava/lang/String; 2225 17 477 0 0
ciMethod java/lang/System arraycopy (Ljava/lang/Object;ILjava/lang/Object;II)V 6145 1 768 0 -1
ciMethod java/lang/ref/Reference get ()Ljava/lang/Object; 1113 1 139 0 -1
ciMethod java/util/Map containsKey (Ljava/lang/Object;)Z 0 0 1 0 -1
ciMethod java/util/Map get (Ljava/lang/Object;)Ljava/lang/Object; 0 0 1 0 -1
ciMethod java/util/Map put (Ljava/lang/Object;Ljava/lang/Object;)Ljava/lang/Object; 0 0 1 0 -1
ciMethod java/util/Map keySet ()Ljava/util/Set; 0 0 1 0 -1
ciMethod java/util/Hashtable <init> (IF)V 2353 1 294 0 0
ciMethod java/util/Hashtable entrySet ()Ljava/util/Set; 33 1 4 0 -1
ciMethod java/util/Dictionary <init> ()V 2353 1 294 0 0
ciMethod java/lang/AbstractStringBuilder <init> (I)V 785 1 5853 0 -1
ciMethod java/lang/AbstractStringBuilder append (Ljava/lang/String;)Ljava/lang/AbstractStringBuilder; 1289 1 5345 0 -1
ciMethod java/lang/StringBuilder <init> ()V 777 1 4302 0 0
ciMethod java/lang/StringBuilder append (Ljava/lang/String;)Ljava/lang/StringBuilder; 1289 1 5774 0 1024
ciMethod java/lang/StringBuilder toString ()Ljava/lang/String; 777 1 4879 0 0
ciMethod java/lang/Boolean booleanValue ()Z 1057 1 132 0 -1
ciMethod java/lang/Float isNaN (F)Z 2049 1 808 0 0
ciMethod java/lang/Float floatToRawIntBits (F)I 2049 1 256 0 -1
ciMethod java/lang/Number <init> ()V 3345 1 3307 0 0
ciMethod java/lang/Integer valueOf (I)Ljava/lang/Integer; 2145 1 3476 0 0
ciMethod java/lang/Integer <init> (I)V 3073 1 2308 0 0
ciMethod java/lang/Integer intValue ()I 1345 1 168 0 -1
ciMethod java/security/AccessController doPrivileged (Ljava/security/PrivilegedAction;)Ljava/lang/Object; 2049 1 256 0 -1
ciMethod java/util/List size ()I 0 0 1 0 -1
ciMethod java/util/List iterator ()Ljava/util/Iterator; 0 0 1 0 -1
ciMethod java/util/List toArray ([Ljava/lang/Object;)[Ljava/lang/Object; 0 0 1 0 -1
ciMethod java/util/List add (Ljava/lang/Object;)Z 0 0 1 0 -1
ciMethod java/util/AbstractList <init> ()V 2049 1 4324 0 0
ciMethod java/util/AbstractCollection <init> ()V 2881 1 5483 0 0
ciMethod java/util/ArrayList <init> ()V 2049 1 1626 0 0
ciMethod java/util/ArrayList ensureCapacityInternal (I)V 2065 1 5817 0 -1
ciMethod java/util/ArrayList size ()I 1137 1 142 0 0
ciMethod java/util/ArrayList toArray ([Ljava/lang/Object;)[Ljava/lang/Object; 577 1 202 0 0
ciMethod java/util/ArrayList add (Ljava/lang/Object;)Z 3081 1 5581 0 768
ciMethod java/util/ArrayList iterator ()Ljava/util/Iterator; 2369 1 5556 0 192
ciMethod java/util/ArrayList access$100 (Ljava/util/ArrayList;)I 1193 1 149 0 0
ciMethod java/util/Collections sort (Ljava/util/List;Ljava/util/Comparator;)V 145 1 25 0 -1
ciMethod java/util/Set iterator ()Ljava/util/Iterator; 0 0 1 0 -1
ciMethod java/util/AbstractMap <init> ()V 2257 1 2386 0 0
ciMethod java/util/HashMap hash (Ljava/lang/Object;)I 2257 1 22819 0 160
ciMethod java/util/HashMap comparableClassFor (Ljava/lang/Object;)Ljava/lang/Class; 1977 1 478 0 -1
ciMethod java/util/HashMap compareComparables (Ljava/lang/Class;Ljava/lang/Object;Ljava/lang/Object;)I 0 0 1 0 -1
ciMethod java/util/HashMap <init> ()V 1273 1 1469 0 0
ciMethod java/util/HashMap get (Ljava/lang/Object;)Ljava/lang/Object; 2137 1 6273 0 608
ciMethod java/util/HashMap getNode (ILjava/lang/Object;)Ljava/util/HashMap$Node; 2049 33 11163 0 -1
ciMethod java/util/HashMap put (Ljava/lang/Object;Ljava/lang/Object;)Ljava/lang/Object; 2241 1 10441 0 0
ciMethod java/util/HashMap putVal (ILjava/lang/Object;Ljava/lang/Object;ZZ)Ljava/lang/Object; 2081 97 9723 0 0
ciMethod java/util/HashMap resize ()[Ljava/util/HashMap$Node; 337 2649 1383 0 -1
ciMethod java/util/HashMap treeifyBin ([Ljava/util/HashMap$Node;I)V 1 1 6 0 0
ciMethod java/util/HashMap newNode (ILjava/lang/Object;Ljava/lang/Object;Ljava/util/HashMap$Node;)Ljava/util/HashMap$Node; 2073 1 5943 0 224
ciMethod java/util/HashMap newTreeNode (ILjava/lang/Object;Ljava/lang/Object;Ljava/util/HashMap$Node;)Ljava/util/HashMap$TreeNode; 73 1 9 0 -1
ciMethod java/util/HashMap replacementTreeNode (Ljava/util/HashMap$Node;Ljava/util/HashMap$Node;)Ljava/util/HashMap$TreeNode; 369 1 46 0 -1
ciMethod java/util/HashMap afterNodeAccess (Ljava/util/HashMap$Node;)V 2337 1 539 0 0
ciMethod java/util/HashMap afterNodeInsertion (Z)V 2169 1 1295 0 0
ciMethod java/util/Map$Entry getKey ()Ljava/lang/Object; 0 0 1 0 -1
ciMethod java/util/Map$Entry getValue ()Ljava/lang/Object; 0 0 1 0 -1
ciMethod java/util/HashMap$Node <init> (ILjava/lang/Object;Ljava/lang/Object;Ljava/util/HashMap$Node;)V 2057 1 6298 0 96
ciMethod java/lang/Math min (FF)F 2065 1 533 0 0
ciMethod java/util/Iterator hasNext ()Z 0 0 1 0 -1
ciMethod java/util/Iterator next ()Ljava/lang/Object; 0 0 1 0 -1
ciMethod java/util/Arrays copyOf ([Ljava/lang/Object;ILjava/lang/Class;)[Ljava/lang/Object; 3073 1 2697 0 -1
ciMethod java/lang/ThreadLocal get ()Ljava/lang/Object; 369 1 4770 0 -1
ciMethod java/util/concurrent/atomic/AtomicInteger get ()I 1169 1 146 0 0
ciMethodData java/lang/Object <init> ()V 2 93900 orig 264 88 66 185 111 0 0 0 0 128 4 176 24 0 0 0 0 32 1 0 0 0 0 0 0 0 0 0 0 0 0 0 0 0 0 0 0 0 0 0 0 0 0 0 0 0 0 0 0 0 0 0 0 0 0 0 0 0 0 0 0 0 0 0 0 0 0 0 0 0 0 0 0 0 0 0 0 0 0 0 0 77 68 79 32 101 120 116 114 97 32 100 97 116 97 32 108 111 99 107 0 0 0 0 0 0 0 0 0 0 0 0 0 0 0 0 0 0 0 0 0 0 0 0 0 0 0 0 0 0 0 0 0 0 0 0 0 0 0 0 0 0 0 0 0 0 0 0 0 0 0 0 0 0 0 0 0 0 0 0 0 0 0 0 0 0 0 0 0 0 0 0 0 0 0 0 0 0 0 0 0 0 0 0 0 1 0 0 0 0 0 0 0 1 0 0 0 0 0 0 0 1 0 0 0 0 0 0 0 0 0 0 0 0 0 0 0 0 2 0 0 97 102 11 0 1 0 0 0 0 0 0 0 0 0 0 0 2 0 0 0 0 0 3 0 1 0 0 0 0 0 0 0 255 255 255 255 0 0 0 0 0 0 0 0 data 0 oops 0
ciMethod java/util/Locale getDefault ()Ljava/util/Locale; 2137 1 1448 0 0
ciMethod java/util/HashMap$TreeNode root ()Ljava/util/HashMap$TreeNode; 0 0 1 0 -1
ciMethod java/util/HashMap$TreeNode moveRootToFront ([Ljava/util/HashMap$Node;Ljava/util/HashMap$TreeNode;)V 145 1 18 0 -1
ciMethod java/util/HashMap$TreeNode find (ILjava/lang/Object;Ljava/lang/Class;)Ljava/util/HashMap$TreeNode; 497 497 734 0 -1
ciMethod java/util/HashMap$TreeNode tieBreakOrder (Ljava/lang/Object;Ljava/lang/Object;)I 529 1 66 0 -1
ciMethod java/util/HashMap$TreeNode treeify ([Ljava/util/HashMap$Node;)V 73 1409 9 0 -1
ciMethod java/util/HashMap$TreeNode putTreeVal (Ljava/util/HashMap;[Ljava/util/HashMap$Node;ILjava/lang/Object;Ljava/lang/Object;)Ljava/util/HashMap$TreeNode; 33 97 9 0 0
ciMethod java/util/HashMap$TreeNode split (Ljava/util/HashMap;[Ljava/util/HashMap$Node;II)V 49 481 6 0 -1
ciMethod java/util/HashMap$TreeNode balanceInsertion (Ljava/util/HashMap$TreeNode;Ljava/util/HashMap$TreeNode;)Ljava/util/HashMap$TreeNode; 641 417 80 0 -1
ciMethodData java/lang/String hashCode ()I 2 21552 orig 264 88 66 185 111 0 0 0 0 184 79 176 24 0 0 0 0 152 1 0 0 32 0 0 0 0 0 0 0 0 0 0 0 0 0 0 0 0 0 0 0 0 0 0 0 0 0 0 0 0 0 0 0 0 0 0 0 0 0 0 0 0 0 0 0 0 0 0 0 0 0 0 0 0 0 0 0 0 0 0 0 77 68 79 32 101 120 116 114 97 32 100 97 116 97 32 108 111 99 107 0 0 0 0 0 0 0 0 0 0 0 0 0 0 0 0 0 0 0 0 0 0 0 0 0 0 0 0 0 0 0 0 0 0 0 0 0 0 0 0 0 0 0 0 0 0 0 0 0 0 0 0 0 0 0 0 0 0 0 0 0 0 0 0 0 0 0 0 0 0 0 0 0 0 0 0 0 0 0 0 0 0 0 0 0 0 0 0 0 0 0 0 0 0 0 0 0 0 0 0 0 0 0 0 0 0 0 0 0 0 0 0 0 0 0 0 0 0 16 0 0 1 27 0 0 129 33 2 0 0 0 0 0 0 0 0 0 2 0 0 0 1 0 11 0 2 0 0 0 120 0 0 0 255 255 255 255 7 0 6 0 0 0 0 0 data 15 0x60007 0x19a 0x78 0x1c6 0xe0007 0x9 0x58 0x1bd 0x1e0007 0x1bd 0x38 0x4410 0x2d0003 0x4410 0xffffffffffffffe0 oops 0
ciMethodData java/util/HashMap hash (Ljava/lang/Object;)I 2 22819 orig 264 88 66 185 111 0 0 0 0 56 125 190 24 0 0 0 0 176 1 0 0 32 0 0 0 0 0 0 0 0 0 0 0 0 0 0 0 0 0 0 0 0 0 0 0 0 0 0 0 0 0 0 0 0 0 0 0 0 0 0 0 0 0 0 0 0 0 0 0 0 0 0 0 0 0 0 0 0 0 0 0 77 68 79 32 101 120 116 114 97 32 100 97 116 97 32 108 111 99 107 0 0 0 0 0 0 0 0 0 0 0 0 0 0 0 0 0 0 0 0 0 0 0 0 0 0 0 0 0 0 0 0 0 0 0 0 0 0 0 0 0 0 0 0 0 0 0 0 0 0 0 0 0 0 0 0 0 0 0 0 0 0 0 0 0 0 0 0 0 0 0 0 0 0 0 0 0 0 0 0 0 0 0 0 0 0 0 0 0 0 0 0 0 0 0 0 0 0 0 0 0 0 0 0 0 0 0 0 0 0 0 0 0 0 0 0 0 25 1 0 0 73 192 2 0 1 0 0 0 0 0 0 0 0 0 0 0 2 0 0 0 0 0 6 0 2 0 0 0 104 0 0 0 255 255 255 255 7 0 1 0 0 0 0 0 data 13 0x10007 0x561f 0x38 0x1ea 0x50003 0x1ea 0x48 0x90005 0x2429 0x19493e20 0x31d9 0x48153e0 0x1d oops 2